<?xml version="1.0" encoding="UTF-8"?>
<!-- Generated by org.testng.reporters.JUnitReportReporter -->
<testsuite hostname="AKSHAY" failures="0" tests="1000" name="testNGAnnotation_Flags.flag3" time="0.577" errors="0" timestamp="2023-07-22T14:21:20 IST" skipped="0">
  <testcase classname="testNGAnnotation_Flags.flag3" name="method1" time="0.002">
    <system-out>
      <![CDATA[method1]]>
    </system-out>
  </testcase> <!-- method1 -->
  <testcase classname="testNGAnnotation_Flags.flag3" name="method1" time="0.001">
    <system-out>
      <![CDATA[method1]]>
    </system-out>
  </testcase> <!-- method1 -->
  <testcase classname="testNGAnnotation_Flags.flag3" name="method1" time="0.001">
    <system-out>
      <![CDATA[method1]]>
    </system-out>
  </testcase> <!-- method1 -->
  <testcase classname="testNGAnnotation_Flags.flag3" name="method1" time="0.000">
    <system-out>
      <![CDATA[method1]]>
    </system-out>
  </testcase> <!-- method1 -->
  <testcase classname="testNGAnnotation_Flags.flag3" name="method1" time="0.000">
    <system-out>
      <![CDATA[method1]]>
    </system-out>
  </testcase> <!-- method1 -->
  <testcase classname="testNGAnnotation_Flags.flag3" name="method1" time="0.000">
    <system-out>
      <![CDATA[method1]]>
    </system-out>
  </testcase> <!-- method1 -->
  <testcase classname="testNGAnnotation_Flags.flag3" name="method1" time="0.000">
    <system-out>
      <![CDATA[method1]]>
    </system-out>
  </testcase> <!-- method1 -->
  <testcase classname="testNGAnnotation_Flags.flag3" name="method1" time="0.000">
    <system-out>
      <![CDATA[method1]]>
    </system-out>
  </testcase> <!-- method1 -->
  <testcase classname="testNGAnnotation_Flags.flag3" name="method1" time="0.000">
    <system-out>
      <![CDATA[method1]]>
    </system-out>
  </testcase> <!-- method1 -->
  <testcase classname="testNGAnnotation_Flags.flag3" name="method1" time="0.002">
    <system-out>
      <![CDATA[method1]]>
    </system-out>
  </testcase> <!-- method1 -->
  <testcase classname="testNGAnnotation_Flags.flag3" name="method1" time="0.001">
    <system-out>
      <![CDATA[method1]]>
    </system-out>
  </testcase> <!-- method1 -->
  <testcase classname="testNGAnnotation_Flags.flag3" name="method1" time="0.002">
    <system-out>
      <![CDATA[method1]]>
    </system-out>
  </testcase> <!-- method1 -->
  <testcase classname="testNGAnnotation_Flags.flag3" name="method1" time="0.001">
    <system-out>
      <![CDATA[method1]]>
    </system-out>
  </testcase> <!-- method1 -->
  <testcase classname="testNGAnnotation_Flags.flag3" name="method1" time="0.000">
    <system-out>
      <![CDATA[method1]]>
    </system-out>
  </testcase> <!-- method1 -->
  <testcase classname="testNGAnnotation_Flags.flag3" name="method1" time="0.001">
    <system-out>
      <![CDATA[method1]]>
    </system-out>
  </testcase> <!-- method1 -->
  <testcase classname="testNGAnnotation_Flags.flag3" name="method1" time="0.002">
    <system-out>
      <![CDATA[method1]]>
    </system-out>
  </testcase> <!-- method1 -->
  <testcase classname="testNGAnnotation_Flags.flag3" name="method1" time="0.001">
    <system-out>
      <![CDATA[method1]]>
    </system-out>
  </testcase> <!-- method1 -->
  <testcase classname="testNGAnnotation_Flags.flag3" name="method1" time="0.001">
    <system-out>
      <![CDATA[method1]]>
    </system-out>
  </testcase> <!-- method1 -->
  <testcase classname="testNGAnnotation_Flags.flag3" name="method1" time="0.000">
    <system-out>
      <![CDATA[method1]]>
    </system-out>
  </testcase> <!-- method1 -->
  <testcase classname="testNGAnnotation_Flags.flag3" name="method1" time="0.000">
    <system-out>
      <![CDATA[method1]]>
    </system-out>
  </testcase> <!-- method1 -->
  <testcase classname="testNGAnnotation_Flags.flag3" name="method1" time="0.002">
    <system-out>
      <![CDATA[method1]]>
    </system-out>
  </testcase> <!-- method1 -->
  <testcase classname="testNGAnnotation_Flags.flag3" name="method1" time="0.000">
    <system-out>
      <![CDATA[method1]]>
    </system-out>
  </testcase> <!-- method1 -->
  <testcase classname="testNGAnnotation_Flags.flag3" name="method1" time="0.000">
    <system-out>
      <![CDATA[method1]]>
    </system-out>
  </testcase> <!-- method1 -->
  <testcase classname="testNGAnnotation_Flags.flag3" name="method1" time="0.002">
    <system-out>
      <![CDATA[method1]]>
    </system-out>
  </testcase> <!-- method1 -->
  <testcase classname="testNGAnnotation_Flags.flag3" name="method1" time="0.000">
    <system-out>
      <![CDATA[method1]]>
    </system-out>
  </testcase> <!-- method1 -->
  <testcase classname="testNGAnnotation_Flags.flag3" name="method1" time="0.000">
    <system-out>
      <![CDATA[method1]]>
    </system-out>
  </testcase> <!-- method1 -->
  <testcase classname="testNGAnnotation_Flags.flag3" name="method1" time="0.001">
    <system-out>
      <![CDATA[method1]]>
    </system-out>
  </testcase> <!-- method1 -->
  <testcase classname="testNGAnnotation_Flags.flag3" name="method1" time="0.001">
    <system-out>
      <![CDATA[method1]]>
    </system-out>
  </testcase> <!-- method1 -->
  <testcase classname="testNGAnnotation_Flags.flag3" name="method1" time="0.000">
    <system-out>
      <![CDATA[method1]]>
    </system-out>
  </testcase> <!-- method1 -->
  <testcase classname="testNGAnnotation_Flags.flag3" name="method1" time="0.000">
    <system-out>
      <![CDATA[method1]]>
    </system-out>
  </testcase> <!-- method1 -->
  <testcase classname="testNGAnnotation_Flags.flag3" name="method1" time="0.001">
    <system-out>
      <![CDATA[method1]]>
    </system-out>
  </testcase> <!-- method1 -->
  <testcase classname="testNGAnnotation_Flags.flag3" name="method1" time="0.000">
    <system-out>
      <![CDATA[method1]]>
    </system-out>
  </testcase> <!-- method1 -->
  <testcase classname="testNGAnnotation_Flags.flag3" name="method1" time="0.001">
    <system-out>
      <![CDATA[method1]]>
    </system-out>
  </testcase> <!-- method1 -->
  <testcase classname="testNGAnnotation_Flags.flag3" name="method1" time="0.000">
    <system-out>
      <![CDATA[method1]]>
    </system-out>
  </testcase> <!-- method1 -->
  <testcase classname="testNGAnnotation_Flags.flag3" name="method1" time="0.001">
    <system-out>
      <![CDATA[method1]]>
    </system-out>
  </testcase> <!-- method1 -->
  <testcase classname="testNGAnnotation_Flags.flag3" name="method1" time="0.000">
    <system-out>
      <![CDATA[method1]]>
    </system-out>
  </testcase> <!-- method1 -->
  <testcase classname="testNGAnnotation_Flags.flag3" name="method1" time="0.000">
    <system-out>
      <![CDATA[method1]]>
    </system-out>
  </testcase> <!-- method1 -->
  <testcase classname="testNGAnnotation_Flags.flag3" name="method1" time="0.001">
    <system-out>
      <![CDATA[method1]]>
    </system-out>
  </testcase> <!-- method1 -->
  <testcase classname="testNGAnnotation_Flags.flag3" name="method1" time="0.000">
    <system-out>
      <![CDATA[method1]]>
    </system-out>
  </testcase> <!-- method1 -->
  <testcase classname="testNGAnnotation_Flags.flag3" name="method1" time="0.000">
    <system-out>
      <![CDATA[method1]]>
    </system-out>
  </testcase> <!-- method1 -->
  <testcase classname="testNGAnnotation_Flags.flag3" name="method1" time="0.001">
    <system-out>
      <![CDATA[method1]]>
    </system-out>
  </testcase> <!-- method1 -->
  <testcase classname="testNGAnnotation_Flags.flag3" name="method1" time="0.000">
    <system-out>
      <![CDATA[method1]]>
    </system-out>
  </testcase> <!-- method1 -->
  <testcase classname="testNGAnnotation_Flags.flag3" name="method1" time="0.000">
    <system-out>
      <![CDATA[method1]]>
    </system-out>
  </testcase> <!-- method1 -->
  <testcase classname="testNGAnnotation_Flags.flag3" name="method1" time="0.000">
    <system-out>
      <![CDATA[method1]]>
    </system-out>
  </testcase> <!-- method1 -->
  <testcase classname="testNGAnnotation_Flags.flag3" name="method1" time="0.001">
    <system-out>
      <![CDATA[method1]]>
    </system-out>
  </testcase> <!-- method1 -->
  <testcase classname="testNGAnnotation_Flags.flag3" name="method1" time="0.001">
    <system-out>
      <![CDATA[method1]]>
    </system-out>
  </testcase> <!-- method1 -->
  <testcase classname="testNGAnnotation_Flags.flag3" name="method1" time="0.000">
    <system-out>
      <![CDATA[method1]]>
    </system-out>
  </testcase> <!-- method1 -->
  <testcase classname="testNGAnnotation_Flags.flag3" name="method1" time="0.000">
    <system-out>
      <![CDATA[method1]]>
    </system-out>
  </testcase> <!-- method1 -->
  <testcase classname="testNGAnnotation_Flags.flag3" name="method1" time="0.000">
    <system-out>
      <![CDATA[method1]]>
    </system-out>
  </testcase> <!-- method1 -->
  <testcase classname="testNGAnnotation_Flags.flag3" name="method1" time="0.001">
    <system-out>
      <![CDATA[method1]]>
    </system-out>
  </testcase> <!-- method1 -->
  <testcase classname="testNGAnnotation_Flags.flag3" name="method1" time="0.001">
    <system-out>
      <![CDATA[method1]]>
    </system-out>
  </testcase> <!-- method1 -->
  <testcase classname="testNGAnnotation_Flags.flag3" name="method1" time="0.001">
    <system-out>
      <![CDATA[method1]]>
    </system-out>
  </testcase> <!-- method1 -->
  <testcase classname="testNGAnnotation_Flags.flag3" name="method1" time="0.000">
    <system-out>
      <![CDATA[method1]]>
    </system-out>
  </testcase> <!-- method1 -->
  <testcase classname="testNGAnnotation_Flags.flag3" name="method1" time="0.000">
    <system-out>
      <![CDATA[method1]]>
    </system-out>
  </testcase> <!-- method1 -->
  <testcase classname="testNGAnnotation_Flags.flag3" name="method1" time="0.001">
    <system-out>
      <![CDATA[method1]]>
    </system-out>
  </testcase> <!-- method1 -->
  <testcase classname="testNGAnnotation_Flags.flag3" name="method1" time="0.001">
    <system-out>
      <![CDATA[method1]]>
    </system-out>
  </testcase> <!-- method1 -->
  <testcase classname="testNGAnnotation_Flags.flag3" name="method1" time="0.001">
    <system-out>
      <![CDATA[method1]]>
    </system-out>
  </testcase> <!-- method1 -->
  <testcase classname="testNGAnnotation_Flags.flag3" name="method1" time="0.001">
    <system-out>
      <![CDATA[method1]]>
    </system-out>
  </testcase> <!-- method1 -->
  <testcase classname="testNGAnnotation_Flags.flag3" name="method1" time="0.000">
    <system-out>
      <![CDATA[method1]]>
    </system-out>
  </testcase> <!-- method1 -->
  <testcase classname="testNGAnnotation_Flags.flag3" name="method1" time="0.000">
    <system-out>
      <![CDATA[method1]]>
    </system-out>
  </testcase> <!-- method1 -->
  <testcase classname="testNGAnnotation_Flags.flag3" name="method1" time="0.001">
    <system-out>
      <![CDATA[method1]]>
    </system-out>
  </testcase> <!-- method1 -->
  <testcase classname="testNGAnnotation_Flags.flag3" name="method1" time="0.001">
    <system-out>
      <![CDATA[method1]]>
    </system-out>
  </testcase> <!-- method1 -->
  <testcase classname="testNGAnnotation_Flags.flag3" name="method1" time="0.000">
    <system-out>
      <![CDATA[method1]]>
    </system-out>
  </testcase> <!-- method1 -->
  <testcase classname="testNGAnnotation_Flags.flag3" name="method1" time="0.001">
    <system-out>
      <![CDATA[method1]]>
    </system-out>
  </testcase> <!-- method1 -->
  <testcase classname="testNGAnnotation_Flags.flag3" name="method1" time="0.000">
    <system-out>
      <![CDATA[method1]]>
    </system-out>
  </testcase> <!-- method1 -->
  <testcase classname="testNGAnnotation_Flags.flag3" name="method1" time="0.001">
    <system-out>
      <![CDATA[method1]]>
    </system-out>
  </testcase> <!-- method1 -->
  <testcase classname="testNGAnnotation_Flags.flag3" name="method1" time="0.000">
    <system-out>
      <![CDATA[method1]]>
    </system-out>
  </testcase> <!-- method1 -->
  <testcase classname="testNGAnnotation_Flags.flag3" name="method1" time="0.000">
    <system-out>
      <![CDATA[method1]]>
    </system-out>
  </testcase> <!-- method1 -->
  <testcase classname="testNGAnnotation_Flags.flag3" name="method1" time="0.001">
    <system-out>
      <![CDATA[method1]]>
    </system-out>
  </testcase> <!-- method1 -->
  <testcase classname="testNGAnnotation_Flags.flag3" name="method1" time="0.001">
    <system-out>
      <![CDATA[method1]]>
    </system-out>
  </testcase> <!-- method1 -->
  <testcase classname="testNGAnnotation_Flags.flag3" name="method1" time="0.001">
    <system-out>
      <![CDATA[method1]]>
    </system-out>
  </testcase> <!-- method1 -->
  <testcase classname="testNGAnnotation_Flags.flag3" name="method1" time="0.001">
    <system-out>
      <![CDATA[method1]]>
    </system-out>
  </testcase> <!-- method1 -->
  <testcase classname="testNGAnnotation_Flags.flag3" name="method1" time="0.000">
    <system-out>
      <![CDATA[method1]]>
    </system-out>
  </testcase> <!-- method1 -->
  <testcase classname="testNGAnnotation_Flags.flag3" name="method1" time="0.000">
    <system-out>
      <![CDATA[method1]]>
    </system-out>
  </testcase> <!-- method1 -->
  <testcase classname="testNGAnnotation_Flags.flag3" name="method1" time="0.000">
    <system-out>
      <![CDATA[method1]]>
    </system-out>
  </testcase> <!-- method1 -->
  <testcase classname="testNGAnnotation_Flags.flag3" name="method1" time="0.002">
    <system-out>
      <![CDATA[method1]]>
    </system-out>
  </testcase> <!-- method1 -->
  <testcase classname="testNGAnnotation_Flags.flag3" name="method1" time="0.000">
    <system-out>
      <![CDATA[method1]]>
    </system-out>
  </testcase> <!-- method1 -->
  <testcase classname="testNGAnnotation_Flags.flag3" name="method1" time="0.000">
    <system-out>
      <![CDATA[method1]]>
    </system-out>
  </testcase> <!-- method1 -->
  <testcase classname="testNGAnnotation_Flags.flag3" name="method1" time="0.001">
    <system-out>
      <![CDATA[method1]]>
    </system-out>
  </testcase> <!-- method1 -->
  <testcase classname="testNGAnnotation_Flags.flag3" name="method1" time="0.000">
    <system-out>
      <![CDATA[method1]]>
    </system-out>
  </testcase> <!-- method1 -->
  <testcase classname="testNGAnnotation_Flags.flag3" name="method1" time="0.001">
    <system-out>
      <![CDATA[method1]]>
    </system-out>
  </testcase> <!-- method1 -->
  <testcase classname="testNGAnnotation_Flags.flag3" name="method1" time="0.001">
    <system-out>
      <![CDATA[method1]]>
    </system-out>
  </testcase> <!-- method1 -->
  <testcase classname="testNGAnnotation_Flags.flag3" name="method1" time="0.000">
    <system-out>
      <![CDATA[method1]]>
    </system-out>
  </testcase> <!-- method1 -->
  <testcase classname="testNGAnnotation_Flags.flag3" name="method1" time="0.000">
    <system-out>
      <![CDATA[method1]]>
    </system-out>
  </testcase> <!-- method1 -->
  <testcase classname="testNGAnnotation_Flags.flag3" name="method1" time="0.001">
    <system-out>
      <![CDATA[method1]]>
    </system-out>
  </testcase> <!-- method1 -->
  <testcase classname="testNGAnnotation_Flags.flag3" name="method1" time="0.001">
    <system-out>
      <![CDATA[method1]]>
    </system-out>
  </testcase> <!-- method1 -->
  <testcase classname="testNGAnnotation_Flags.flag3" name="method1" time="0.000">
    <system-out>
      <![CDATA[method1]]>
    </system-out>
  </testcase> <!-- method1 -->
  <testcase classname="testNGAnnotation_Flags.flag3" name="method1" time="0.000">
    <system-out>
      <![CDATA[method1]]>
    </system-out>
  </testcase> <!-- method1 -->
  <testcase classname="testNGAnnotation_Flags.flag3" name="method1" time="0.000">
    <system-out>
      <![CDATA[method1]]>
    </system-out>
  </testcase> <!-- method1 -->
  <testcase classname="testNGAnnotation_Flags.flag3" name="method1" time="0.000">
    <system-out>
      <![CDATA[method1]]>
    </system-out>
  </testcase> <!-- method1 -->
  <testcase classname="testNGAnnotation_Flags.flag3" name="method1" time="0.000">
    <system-out>
      <![CDATA[method1]]>
    </system-out>
  </testcase> <!-- method1 -->
  <testcase classname="testNGAnnotation_Flags.flag3" name="method1" time="0.001">
    <system-out>
      <![CDATA[method1]]>
    </system-out>
  </testcase> <!-- method1 -->
  <testcase classname="testNGAnnotation_Flags.flag3" name="method1" time="0.001">
    <system-out>
      <![CDATA[method1]]>
    </system-out>
  </testcase> <!-- method1 -->
  <testcase classname="testNGAnnotation_Flags.flag3" name="method1" time="0.000">
    <system-out>
      <![CDATA[method1]]>
    </system-out>
  </testcase> <!-- method1 -->
  <testcase classname="testNGAnnotation_Flags.flag3" name="method1" time="0.001">
    <system-out>
      <![CDATA[method1]]>
    </system-out>
  </testcase> <!-- method1 -->
  <testcase classname="testNGAnnotation_Flags.flag3" name="method1" time="0.000">
    <system-out>
      <![CDATA[method1]]>
    </system-out>
  </testcase> <!-- method1 -->
  <testcase classname="testNGAnnotation_Flags.flag3" name="method1" time="0.001">
    <system-out>
      <![CDATA[method1]]>
    </system-out>
  </testcase> <!-- method1 -->
  <testcase classname="testNGAnnotation_Flags.flag3" name="method1" time="0.000">
    <system-out>
      <![CDATA[method1]]>
    </system-out>
  </testcase> <!-- method1 -->
  <testcase classname="testNGAnnotation_Flags.flag3" name="method1" time="0.000">
    <system-out>
      <![CDATA[method1]]>
    </system-out>
  </testcase> <!-- method1 -->
  <testcase classname="testNGAnnotation_Flags.flag3" name="method1" time="0.000">
    <system-out>
      <![CDATA[method1]]>
    </system-out>
  </testcase> <!-- method1 -->
  <testcase classname="testNGAnnotation_Flags.flag3" name="method1" time="0.000">
    <system-out>
      <![CDATA[method1]]>
    </system-out>
  </testcase> <!-- method1 -->
  <testcase classname="testNGAnnotation_Flags.flag3" name="method1" time="0.001">
    <system-out>
      <![CDATA[method1]]>
    </system-out>
  </testcase> <!-- method1 -->
  <testcase classname="testNGAnnotation_Flags.flag3" name="method1" time="0.001">
    <system-out>
      <![CDATA[method1]]>
    </system-out>
  </testcase> <!-- method1 -->
  <testcase classname="testNGAnnotation_Flags.flag3" name="method1" time="0.001">
    <system-out>
      <![CDATA[method1]]>
    </system-out>
  </testcase> <!-- method1 -->
  <testcase classname="testNGAnnotation_Flags.flag3" name="method1" time="0.001">
    <system-out>
      <![CDATA[method1]]>
    </system-out>
  </testcase> <!-- method1 -->
  <testcase classname="testNGAnnotation_Flags.flag3" name="method1" time="0.002">
    <system-out>
      <![CDATA[method1]]>
    </system-out>
  </testcase> <!-- method1 -->
  <testcase classname="testNGAnnotation_Flags.flag3" name="method1" time="0.001">
    <system-out>
      <![CDATA[method1]]>
    </system-out>
  </testcase> <!-- method1 -->
  <testcase classname="testNGAnnotation_Flags.flag3" name="method1" time="0.000">
    <system-out>
      <![CDATA[method1]]>
    </system-out>
  </testcase> <!-- method1 -->
  <testcase classname="testNGAnnotation_Flags.flag3" name="method1" time="0.002">
    <system-out>
      <![CDATA[method1]]>
    </system-out>
  </testcase> <!-- method1 -->
  <testcase classname="testNGAnnotation_Flags.flag3" name="method1" time="0.000">
    <system-out>
      <![CDATA[method1]]>
    </system-out>
  </testcase> <!-- method1 -->
  <testcase classname="testNGAnnotation_Flags.flag3" name="method1" time="0.001">
    <system-out>
      <![CDATA[method1]]>
    </system-out>
  </testcase> <!-- method1 -->
  <testcase classname="testNGAnnotation_Flags.flag3" name="method1" time="0.000">
    <system-out>
      <![CDATA[method1]]>
    </system-out>
  </testcase> <!-- method1 -->
  <testcase classname="testNGAnnotation_Flags.flag3" name="method1" time="0.000">
    <system-out>
      <![CDATA[method1]]>
    </system-out>
  </testcase> <!-- method1 -->
  <testcase classname="testNGAnnotation_Flags.flag3" name="method1" time="0.000">
    <system-out>
      <![CDATA[method1]]>
    </system-out>
  </testcase> <!-- method1 -->
  <testcase classname="testNGAnnotation_Flags.flag3" name="method1" time="0.000">
    <system-out>
      <![CDATA[method1]]>
    </system-out>
  </testcase> <!-- method1 -->
  <testcase classname="testNGAnnotation_Flags.flag3" name="method1" time="0.000">
    <system-out>
      <![CDATA[method1]]>
    </system-out>
  </testcase> <!-- method1 -->
  <testcase classname="testNGAnnotation_Flags.flag3" name="method1" time="0.001">
    <system-out>
      <![CDATA[method1]]>
    </system-out>
  </testcase> <!-- method1 -->
  <testcase classname="testNGAnnotation_Flags.flag3" name="method1" time="0.000">
    <system-out>
      <![CDATA[method1]]>
    </system-out>
  </testcase> <!-- method1 -->
  <testcase classname="testNGAnnotation_Flags.flag3" name="method1" time="0.000">
    <system-out>
      <![CDATA[method1]]>
    </system-out>
  </testcase> <!-- method1 -->
  <testcase classname="testNGAnnotation_Flags.flag3" name="method1" time="0.001">
    <system-out>
      <![CDATA[method1]]>
    </system-out>
  </testcase> <!-- method1 -->
  <testcase classname="testNGAnnotation_Flags.flag3" name="method1" time="0.000">
    <system-out>
      <![CDATA[method1]]>
    </system-out>
  </testcase> <!-- method1 -->
  <testcase classname="testNGAnnotation_Flags.flag3" name="method1" time="0.001">
    <system-out>
      <![CDATA[method1]]>
    </system-out>
  </testcase> <!-- method1 -->
  <testcase classname="testNGAnnotation_Flags.flag3" name="method1" time="0.001">
    <system-out>
      <![CDATA[method1]]>
    </system-out>
  </testcase> <!-- method1 -->
  <testcase classname="testNGAnnotation_Flags.flag3" name="method1" time="0.001">
    <system-out>
      <![CDATA[method1]]>
    </system-out>
  </testcase> <!-- method1 -->
  <testcase classname="testNGAnnotation_Flags.flag3" name="method1" time="0.000">
    <system-out>
      <![CDATA[method1]]>
    </system-out>
  </testcase> <!-- method1 -->
  <testcase classname="testNGAnnotation_Flags.flag3" name="method1" time="0.001">
    <system-out>
      <![CDATA[method1]]>
    </system-out>
  </testcase> <!-- method1 -->
  <testcase classname="testNGAnnotation_Flags.flag3" name="method1" time="0.000">
    <system-out>
      <![CDATA[method1]]>
    </system-out>
  </testcase> <!-- method1 -->
  <testcase classname="testNGAnnotation_Flags.flag3" name="method1" time="0.000">
    <system-out>
      <![CDATA[method1]]>
    </system-out>
  </testcase> <!-- method1 -->
  <testcase classname="testNGAnnotation_Flags.flag3" name="method1" time="0.001">
    <system-out>
      <![CDATA[method1]]>
    </system-out>
  </testcase> <!-- method1 -->
  <testcase classname="testNGAnnotation_Flags.flag3" name="method1" time="0.001">
    <system-out>
      <![CDATA[method1]]>
    </system-out>
  </testcase> <!-- method1 -->
  <testcase classname="testNGAnnotation_Flags.flag3" name="method1" time="0.001">
    <system-out>
      <![CDATA[method1]]>
    </system-out>
  </testcase> <!-- method1 -->
  <testcase classname="testNGAnnotation_Flags.flag3" name="method1" time="0.001">
    <system-out>
      <![CDATA[method1]]>
    </system-out>
  </testcase> <!-- method1 -->
  <testcase classname="testNGAnnotation_Flags.flag3" name="method1" time="0.000">
    <system-out>
      <![CDATA[method1]]>
    </system-out>
  </testcase> <!-- method1 -->
  <testcase classname="testNGAnnotation_Flags.flag3" name="method1" time="0.000">
    <system-out>
      <![CDATA[method1]]>
    </system-out>
  </testcase> <!-- method1 -->
  <testcase classname="testNGAnnotation_Flags.flag3" name="method1" time="0.000">
    <system-out>
      <![CDATA[method1]]>
    </system-out>
  </testcase> <!-- method1 -->
  <testcase classname="testNGAnnotation_Flags.flag3" name="method1" time="0.001">
    <system-out>
      <![CDATA[method1]]>
    </system-out>
  </testcase> <!-- method1 -->
  <testcase classname="testNGAnnotation_Flags.flag3" name="method1" time="0.000">
    <system-out>
      <![CDATA[method1]]>
    </system-out>
  </testcase> <!-- method1 -->
  <testcase classname="testNGAnnotation_Flags.flag3" name="method1" time="0.001">
    <system-out>
      <![CDATA[method1]]>
    </system-out>
  </testcase> <!-- method1 -->
  <testcase classname="testNGAnnotation_Flags.flag3" name="method1" time="0.000">
    <system-out>
      <![CDATA[method1]]>
    </system-out>
  </testcase> <!-- method1 -->
  <testcase classname="testNGAnnotation_Flags.flag3" name="method1" time="0.001">
    <system-out>
      <![CDATA[method1]]>
    </system-out>
  </testcase> <!-- method1 -->
  <testcase classname="testNGAnnotation_Flags.flag3" name="method1" time="0.001">
    <system-out>
      <![CDATA[method1]]>
    </system-out>
  </testcase> <!-- method1 -->
  <testcase classname="testNGAnnotation_Flags.flag3" name="method1" time="0.001">
    <system-out>
      <![CDATA[method1]]>
    </system-out>
  </testcase> <!-- method1 -->
  <testcase classname="testNGAnnotation_Flags.flag3" name="method1" time="0.001">
    <system-out>
      <![CDATA[method1]]>
    </system-out>
  </testcase> <!-- method1 -->
  <testcase classname="testNGAnnotation_Flags.flag3" name="method1" time="0.000">
    <system-out>
      <![CDATA[method1]]>
    </system-out>
  </testcase> <!-- method1 -->
  <testcase classname="testNGAnnotation_Flags.flag3" name="method1" time="0.000">
    <system-out>
      <![CDATA[method1]]>
    </system-out>
  </testcase> <!-- method1 -->
  <testcase classname="testNGAnnotation_Flags.flag3" name="method1" time="0.000">
    <system-out>
      <![CDATA[method1]]>
    </system-out>
  </testcase> <!-- method1 -->
  <testcase classname="testNGAnnotation_Flags.flag3" name="method1" time="0.000">
    <system-out>
      <![CDATA[method1]]>
    </system-out>
  </testcase> <!-- method1 -->
  <testcase classname="testNGAnnotation_Flags.flag3" name="method1" time="0.000">
    <system-out>
      <![CDATA[method1]]>
    </system-out>
  </testcase> <!-- method1 -->
  <testcase classname="testNGAnnotation_Flags.flag3" name="method1" time="0.001">
    <system-out>
      <![CDATA[method1]]>
    </system-out>
  </testcase> <!-- method1 -->
  <testcase classname="testNGAnnotation_Flags.flag3" name="method1" time="0.000">
    <system-out>
      <![CDATA[method1]]>
    </system-out>
  </testcase> <!-- method1 -->
  <testcase classname="testNGAnnotation_Flags.flag3" name="method1" time="0.001">
    <system-out>
      <![CDATA[method1]]>
    </system-out>
  </testcase> <!-- method1 -->
  <testcase classname="testNGAnnotation_Flags.flag3" name="method1" time="0.000">
    <system-out>
      <![CDATA[method1]]>
    </system-out>
  </testcase> <!-- method1 -->
  <testcase classname="testNGAnnotation_Flags.flag3" name="method1" time="0.000">
    <system-out>
      <![CDATA[method1]]>
    </system-out>
  </testcase> <!-- method1 -->
  <testcase classname="testNGAnnotation_Flags.flag3" name="method1" time="0.000">
    <system-out>
      <![CDATA[method1]]>
    </system-out>
  </testcase> <!-- method1 -->
  <testcase classname="testNGAnnotation_Flags.flag3" name="method1" time="0.001">
    <system-out>
      <![CDATA[method1]]>
    </system-out>
  </testcase> <!-- method1 -->
  <testcase classname="testNGAnnotation_Flags.flag3" name="method1" time="0.000">
    <system-out>
      <![CDATA[method1]]>
    </system-out>
  </testcase> <!-- method1 -->
  <testcase classname="testNGAnnotation_Flags.flag3" name="method1" time="0.000">
    <system-out>
      <![CDATA[method1]]>
    </system-out>
  </testcase> <!-- method1 -->
  <testcase classname="testNGAnnotation_Flags.flag3" name="method1" time="0.000">
    <system-out>
      <![CDATA[method1]]>
    </system-out>
  </testcase> <!-- method1 -->
  <testcase classname="testNGAnnotation_Flags.flag3" name="method1" time="0.001">
    <system-out>
      <![CDATA[method1]]>
    </system-out>
  </testcase> <!-- method1 -->
  <testcase classname="testNGAnnotation_Flags.flag3" name="method1" time="0.001">
    <system-out>
      <![CDATA[method1]]>
    </system-out>
  </testcase> <!-- method1 -->
  <testcase classname="testNGAnnotation_Flags.flag3" name="method1" time="0.001">
    <system-out>
      <![CDATA[method1]]>
    </system-out>
  </testcase> <!-- method1 -->
  <testcase classname="testNGAnnotation_Flags.flag3" name="method1" time="0.000">
    <system-out>
      <![CDATA[method1]]>
    </system-out>
  </testcase> <!-- method1 -->
  <testcase classname="testNGAnnotation_Flags.flag3" name="method1" time="0.002">
    <system-out>
      <![CDATA[method1]]>
    </system-out>
  </testcase> <!-- method1 -->
  <testcase classname="testNGAnnotation_Flags.flag3" name="method1" time="0.001">
    <system-out>
      <![CDATA[method1]]>
    </system-out>
  </testcase> <!-- method1 -->
  <testcase classname="testNGAnnotation_Flags.flag3" name="method1" time="0.000">
    <system-out>
      <![CDATA[method1]]>
    </system-out>
  </testcase> <!-- method1 -->
  <testcase classname="testNGAnnotation_Flags.flag3" name="method1" time="0.000">
    <system-out>
      <![CDATA[method1]]>
    </system-out>
  </testcase> <!-- method1 -->
  <testcase classname="testNGAnnotation_Flags.flag3" name="method1" time="0.001">
    <system-out>
      <![CDATA[method1]]>
    </system-out>
  </testcase> <!-- method1 -->
  <testcase classname="testNGAnnotation_Flags.flag3" name="method1" time="0.001">
    <system-out>
      <![CDATA[method1]]>
    </system-out>
  </testcase> <!-- method1 -->
  <testcase classname="testNGAnnotation_Flags.flag3" name="method1" time="0.001">
    <system-out>
      <![CDATA[method1]]>
    </system-out>
  </testcase> <!-- method1 -->
  <testcase classname="testNGAnnotation_Flags.flag3" name="method1" time="0.001">
    <system-out>
      <![CDATA[method1]]>
    </system-out>
  </testcase> <!-- method1 -->
  <testcase classname="testNGAnnotation_Flags.flag3" name="method1" time="0.000">
    <system-out>
      <![CDATA[method1]]>
    </system-out>
  </testcase> <!-- method1 -->
  <testcase classname="testNGAnnotation_Flags.flag3" name="method1" time="0.000">
    <system-out>
      <![CDATA[method1]]>
    </system-out>
  </testcase> <!-- method1 -->
  <testcase classname="testNGAnnotation_Flags.flag3" name="method1" time="0.001">
    <system-out>
      <![CDATA[method1]]>
    </system-out>
  </testcase> <!-- method1 -->
  <testcase classname="testNGAnnotation_Flags.flag3" name="method1" time="0.000">
    <system-out>
      <![CDATA[method1]]>
    </system-out>
  </testcase> <!-- method1 -->
  <testcase classname="testNGAnnotation_Flags.flag3" name="method1" time="0.000">
    <system-out>
      <![CDATA[method1]]>
    </system-out>
  </testcase> <!-- method1 -->
  <testcase classname="testNGAnnotation_Flags.flag3" name="method1" time="0.001">
    <system-out>
      <![CDATA[method1]]>
    </system-out>
  </testcase> <!-- method1 -->
  <testcase classname="testNGAnnotation_Flags.flag3" name="method1" time="0.000">
    <system-out>
      <![CDATA[method1]]>
    </system-out>
  </testcase> <!-- method1 -->
  <testcase classname="testNGAnnotation_Flags.flag3" name="method1" time="0.002">
    <system-out>
      <![CDATA[method1]]>
    </system-out>
  </testcase> <!-- method1 -->
  <testcase classname="testNGAnnotation_Flags.flag3" name="method1" time="0.001">
    <system-out>
      <![CDATA[method1]]>
    </system-out>
  </testcase> <!-- method1 -->
  <testcase classname="testNGAnnotation_Flags.flag3" name="method1" time="0.000">
    <system-out>
      <![CDATA[method1]]>
    </system-out>
  </testcase> <!-- method1 -->
  <testcase classname="testNGAnnotation_Flags.flag3" name="method1" time="0.002">
    <system-out>
      <![CDATA[method1]]>
    </system-out>
  </testcase> <!-- method1 -->
  <testcase classname="testNGAnnotation_Flags.flag3" name="method1" time="0.001">
    <system-out>
      <![CDATA[method1]]>
    </system-out>
  </testcase> <!-- method1 -->
  <testcase classname="testNGAnnotation_Flags.flag3" name="method1" time="0.000">
    <system-out>
      <![CDATA[method1]]>
    </system-out>
  </testcase> <!-- method1 -->
  <testcase classname="testNGAnnotation_Flags.flag3" name="method1" time="0.000">
    <system-out>
      <![CDATA[method1]]>
    </system-out>
  </testcase> <!-- method1 -->
  <testcase classname="testNGAnnotation_Flags.flag3" name="method1" time="0.000">
    <system-out>
      <![CDATA[method1]]>
    </system-out>
  </testcase> <!-- method1 -->
  <testcase classname="testNGAnnotation_Flags.flag3" name="method1" time="0.000">
    <system-out>
      <![CDATA[method1]]>
    </system-out>
  </testcase> <!-- method1 -->
  <testcase classname="testNGAnnotation_Flags.flag3" name="method1" time="0.000">
    <system-out>
      <![CDATA[method1]]>
    </system-out>
  </testcase> <!-- method1 -->
  <testcase classname="testNGAnnotation_Flags.flag3" name="method1" time="0.000">
    <system-out>
      <![CDATA[method1]]>
    </system-out>
  </testcase> <!-- method1 -->
  <testcase classname="testNGAnnotation_Flags.flag3" name="method1" time="0.000">
    <system-out>
      <![CDATA[method1]]>
    </system-out>
  </testcase> <!-- method1 -->
  <testcase classname="testNGAnnotation_Flags.flag3" name="method1" time="0.001">
    <system-out>
      <![CDATA[method1]]>
    </system-out>
  </testcase> <!-- method1 -->
  <testcase classname="testNGAnnotation_Flags.flag3" name="method1" time="0.000">
    <system-out>
      <![CDATA[method1]]>
    </system-out>
  </testcase> <!-- method1 -->
  <testcase classname="testNGAnnotation_Flags.flag3" name="method1" time="0.001">
    <system-out>
      <![CDATA[method1]]>
    </system-out>
  </testcase> <!-- method1 -->
  <testcase classname="testNGAnnotation_Flags.flag3" name="method1" time="0.000">
    <system-out>
      <![CDATA[method1]]>
    </system-out>
  </testcase> <!-- method1 -->
  <testcase classname="testNGAnnotation_Flags.flag3" name="method1" time="0.000">
    <system-out>
      <![CDATA[method1]]>
    </system-out>
  </testcase> <!-- method1 -->
  <testcase classname="testNGAnnotation_Flags.flag3" name="method1" time="0.001">
    <system-out>
      <![CDATA[method1]]>
    </system-out>
  </testcase> <!-- method1 -->
  <testcase classname="testNGAnnotation_Flags.flag3" name="method1" time="0.001">
    <system-out>
      <![CDATA[method1]]>
    </system-out>
  </testcase> <!-- method1 -->
  <testcase classname="testNGAnnotation_Flags.flag3" name="method1" time="0.001">
    <system-out>
      <![CDATA[method1]]>
    </system-out>
  </testcase> <!-- method1 -->
  <testcase classname="testNGAnnotation_Flags.flag3" name="method1" time="0.000">
    <system-out>
      <![CDATA[method1]]>
    </system-out>
  </testcase> <!-- method1 -->
  <testcase classname="testNGAnnotation_Flags.flag3" name="method1" time="0.000">
    <system-out>
      <![CDATA[method1]]>
    </system-out>
  </testcase> <!-- method1 -->
  <testcase classname="testNGAnnotation_Flags.flag3" name="method1" time="0.000">
    <system-out>
      <![CDATA[method1]]>
    </system-out>
  </testcase> <!-- method1 -->
  <testcase classname="testNGAnnotation_Flags.flag3" name="method1" time="0.000">
    <system-out>
      <![CDATA[method1]]>
    </system-out>
  </testcase> <!-- method1 -->
  <testcase classname="testNGAnnotation_Flags.flag3" name="method1" time="0.000">
    <system-out>
      <![CDATA[method1]]>
    </system-out>
  </testcase> <!-- method1 -->
  <testcase classname="testNGAnnotation_Flags.flag3" name="method1" time="0.001">
    <system-out>
      <![CDATA[method1]]>
    </system-out>
  </testcase> <!-- method1 -->
  <testcase classname="testNGAnnotation_Flags.flag3" name="method1" time="0.000">
    <system-out>
      <![CDATA[method1]]>
    </system-out>
  </testcase> <!-- method1 -->
  <testcase classname="testNGAnnotation_Flags.flag3" name="method1" time="0.000">
    <system-out>
      <![CDATA[method1]]>
    </system-out>
  </testcase> <!-- method1 -->
  <testcase classname="testNGAnnotation_Flags.flag3" name="method1" time="0.000">
    <system-out>
      <![CDATA[method1]]>
    </system-out>
  </testcase> <!-- method1 -->
  <testcase classname="testNGAnnotation_Flags.flag3" name="method1" time="0.002">
    <system-out>
      <![CDATA[method1]]>
    </system-out>
  </testcase> <!-- method1 -->
  <testcase classname="testNGAnnotation_Flags.flag3" name="method1" time="0.001">
    <system-out>
      <![CDATA[method1]]>
    </system-out>
  </testcase> <!-- method1 -->
  <testcase classname="testNGAnnotation_Flags.flag3" name="method1" time="0.001">
    <system-out>
      <![CDATA[method1]]>
    </system-out>
  </testcase> <!-- method1 -->
  <testcase classname="testNGAnnotation_Flags.flag3" name="method1" time="0.000">
    <system-out>
      <![CDATA[method1]]>
    </system-out>
  </testcase> <!-- method1 -->
  <testcase classname="testNGAnnotation_Flags.flag3" name="method1" time="0.000">
    <system-out>
      <![CDATA[method1]]>
    </system-out>
  </testcase> <!-- method1 -->
  <testcase classname="testNGAnnotation_Flags.flag3" name="method1" time="0.000">
    <system-out>
      <![CDATA[method1]]>
    </system-out>
  </testcase> <!-- method1 -->
  <testcase classname="testNGAnnotation_Flags.flag3" name="method1" time="0.001">
    <system-out>
      <![CDATA[method1]]>
    </system-out>
  </testcase> <!-- method1 -->
  <testcase classname="testNGAnnotation_Flags.flag3" name="method1" time="0.001">
    <system-out>
      <![CDATA[method1]]>
    </system-out>
  </testcase> <!-- method1 -->
  <testcase classname="testNGAnnotation_Flags.flag3" name="method1" time="0.001">
    <system-out>
      <![CDATA[method1]]>
    </system-out>
  </testcase> <!-- method1 -->
  <testcase classname="testNGAnnotation_Flags.flag3" name="method1" time="0.000">
    <system-out>
      <![CDATA[method1]]>
    </system-out>
  </testcase> <!-- method1 -->
  <testcase classname="testNGAnnotation_Flags.flag3" name="method1" time="0.000">
    <system-out>
      <![CDATA[method1]]>
    </system-out>
  </testcase> <!-- method1 -->
  <testcase classname="testNGAnnotation_Flags.flag3" name="method1" time="0.000">
    <system-out>
      <![CDATA[method1]]>
    </system-out>
  </testcase> <!-- method1 -->
  <testcase classname="testNGAnnotation_Flags.flag3" name="method1" time="0.000">
    <system-out>
      <![CDATA[method1]]>
    </system-out>
  </testcase> <!-- method1 -->
  <testcase classname="testNGAnnotation_Flags.flag3" name="method1" time="0.000">
    <system-out>
      <![CDATA[method1]]>
    </system-out>
  </testcase> <!-- method1 -->
  <testcase classname="testNGAnnotation_Flags.flag3" name="method1" time="0.003">
    <system-out>
      <![CDATA[method1]]>
    </system-out>
  </testcase> <!-- method1 -->
  <testcase classname="testNGAnnotation_Flags.flag3" name="method1" time="0.000">
    <system-out>
      <![CDATA[method1]]>
    </system-out>
  </testcase> <!-- method1 -->
  <testcase classname="testNGAnnotation_Flags.flag3" name="method1" time="0.000">
    <system-out>
      <![CDATA[method1]]>
    </system-out>
  </testcase> <!-- method1 -->
  <testcase classname="testNGAnnotation_Flags.flag3" name="method1" time="0.001">
    <system-out>
      <![CDATA[method1]]>
    </system-out>
  </testcase> <!-- method1 -->
  <testcase classname="testNGAnnotation_Flags.flag3" name="method1" time="0.000">
    <system-out>
      <![CDATA[method1]]>
    </system-out>
  </testcase> <!-- method1 -->
  <testcase classname="testNGAnnotation_Flags.flag3" name="method1" time="0.001">
    <system-out>
      <![CDATA[method1]]>
    </system-out>
  </testcase> <!-- method1 -->
  <testcase classname="testNGAnnotation_Flags.flag3" name="method1" time="0.002">
    <system-out>
      <![CDATA[method1]]>
    </system-out>
  </testcase> <!-- method1 -->
  <testcase classname="testNGAnnotation_Flags.flag3" name="method1" time="0.000">
    <system-out>
      <![CDATA[method1]]>
    </system-out>
  </testcase> <!-- method1 -->
  <testcase classname="testNGAnnotation_Flags.flag3" name="method1" time="0.000">
    <system-out>
      <![CDATA[method1]]>
    </system-out>
  </testcase> <!-- method1 -->
  <testcase classname="testNGAnnotation_Flags.flag3" name="method1" time="0.001">
    <system-out>
      <![CDATA[method1]]>
    </system-out>
  </testcase> <!-- method1 -->
  <testcase classname="testNGAnnotation_Flags.flag3" name="method1" time="0.001">
    <system-out>
      <![CDATA[method1]]>
    </system-out>
  </testcase> <!-- method1 -->
  <testcase classname="testNGAnnotation_Flags.flag3" name="method1" time="0.001">
    <system-out>
      <![CDATA[method1]]>
    </system-out>
  </testcase> <!-- method1 -->
  <testcase classname="testNGAnnotation_Flags.flag3" name="method1" time="0.001">
    <system-out>
      <![CDATA[method1]]>
    </system-out>
  </testcase> <!-- method1 -->
  <testcase classname="testNGAnnotation_Flags.flag3" name="method1" time="0.001">
    <system-out>
      <![CDATA[method1]]>
    </system-out>
  </testcase> <!-- method1 -->
  <testcase classname="testNGAnnotation_Flags.flag3" name="method1" time="0.001">
    <system-out>
      <![CDATA[method1]]>
    </system-out>
  </testcase> <!-- method1 -->
  <testcase classname="testNGAnnotation_Flags.flag3" name="method1" time="0.002">
    <system-out>
      <![CDATA[method1]]>
    </system-out>
  </testcase> <!-- method1 -->
  <testcase classname="testNGAnnotation_Flags.flag3" name="method1" time="0.000">
    <system-out>
      <![CDATA[method1]]>
    </system-out>
  </testcase> <!-- method1 -->
  <testcase classname="testNGAnnotation_Flags.flag3" name="method1" time="0.001">
    <system-out>
      <![CDATA[method1]]>
    </system-out>
  </testcase> <!-- method1 -->
  <testcase classname="testNGAnnotation_Flags.flag3" name="method1" time="0.000">
    <system-out>
      <![CDATA[method1]]>
    </system-out>
  </testcase> <!-- method1 -->
  <testcase classname="testNGAnnotation_Flags.flag3" name="method1" time="0.000">
    <system-out>
      <![CDATA[method1]]>
    </system-out>
  </testcase> <!-- method1 -->
  <testcase classname="testNGAnnotation_Flags.flag3" name="method1" time="0.000">
    <system-out>
      <![CDATA[method1]]>
    </system-out>
  </testcase> <!-- method1 -->
  <testcase classname="testNGAnnotation_Flags.flag3" name="method1" time="0.000">
    <system-out>
      <![CDATA[method1]]>
    </system-out>
  </testcase> <!-- method1 -->
  <testcase classname="testNGAnnotation_Flags.flag3" name="method1" time="0.001">
    <system-out>
      <![CDATA[method1]]>
    </system-out>
  </testcase> <!-- method1 -->
  <testcase classname="testNGAnnotation_Flags.flag3" name="method1" time="0.000">
    <system-out>
      <![CDATA[method1]]>
    </system-out>
  </testcase> <!-- method1 -->
  <testcase classname="testNGAnnotation_Flags.flag3" name="method1" time="0.000">
    <system-out>
      <![CDATA[method1]]>
    </system-out>
  </testcase> <!-- method1 -->
  <testcase classname="testNGAnnotation_Flags.flag3" name="method1" time="0.000">
    <system-out>
      <![CDATA[method1]]>
    </system-out>
  </testcase> <!-- method1 -->
  <testcase classname="testNGAnnotation_Flags.flag3" name="method1" time="0.000">
    <system-out>
      <![CDATA[method1]]>
    </system-out>
  </testcase> <!-- method1 -->
  <testcase classname="testNGAnnotation_Flags.flag3" name="method1" time="0.000">
    <system-out>
      <![CDATA[method1]]>
    </system-out>
  </testcase> <!-- method1 -->
  <testcase classname="testNGAnnotation_Flags.flag3" name="method1" time="0.001">
    <system-out>
      <![CDATA[method1]]>
    </system-out>
  </testcase> <!-- method1 -->
  <testcase classname="testNGAnnotation_Flags.flag3" name="method1" time="0.000">
    <system-out>
      <![CDATA[method1]]>
    </system-out>
  </testcase> <!-- method1 -->
  <testcase classname="testNGAnnotation_Flags.flag3" name="method1" time="0.000">
    <system-out>
      <![CDATA[method1]]>
    </system-out>
  </testcase> <!-- method1 -->
  <testcase classname="testNGAnnotation_Flags.flag3" name="method1" time="0.001">
    <system-out>
      <![CDATA[method1]]>
    </system-out>
  </testcase> <!-- method1 -->
  <testcase classname="testNGAnnotation_Flags.flag3" name="method1" time="0.000">
    <system-out>
      <![CDATA[method1]]>
    </system-out>
  </testcase> <!-- method1 -->
  <testcase classname="testNGAnnotation_Flags.flag3" name="method1" time="0.001">
    <system-out>
      <![CDATA[method1]]>
    </system-out>
  </testcase> <!-- method1 -->
  <testcase classname="testNGAnnotation_Flags.flag3" name="method1" time="0.001">
    <system-out>
      <![CDATA[method1]]>
    </system-out>
  </testcase> <!-- method1 -->
  <testcase classname="testNGAnnotation_Flags.flag3" name="method1" time="0.001">
    <system-out>
      <![CDATA[method1]]>
    </system-out>
  </testcase> <!-- method1 -->
  <testcase classname="testNGAnnotation_Flags.flag3" name="method1" time="0.000">
    <system-out>
      <![CDATA[method1]]>
    </system-out>
  </testcase> <!-- method1 -->
  <testcase classname="testNGAnnotation_Flags.flag3" name="method1" time="0.000">
    <system-out>
      <![CDATA[method1]]>
    </system-out>
  </testcase> <!-- method1 -->
  <testcase classname="testNGAnnotation_Flags.flag3" name="method1" time="0.001">
    <system-out>
      <![CDATA[method1]]>
    </system-out>
  </testcase> <!-- method1 -->
  <testcase classname="testNGAnnotation_Flags.flag3" name="method1" time="0.001">
    <system-out>
      <![CDATA[method1]]>
    </system-out>
  </testcase> <!-- method1 -->
  <testcase classname="testNGAnnotation_Flags.flag3" name="method1" time="0.000">
    <system-out>
      <![CDATA[method1]]>
    </system-out>
  </testcase> <!-- method1 -->
  <testcase classname="testNGAnnotation_Flags.flag3" name="method1" time="0.001">
    <system-out>
      <![CDATA[method1]]>
    </system-out>
  </testcase> <!-- method1 -->
  <testcase classname="testNGAnnotation_Flags.flag3" name="method1" time="0.000">
    <system-out>
      <![CDATA[method1]]>
    </system-out>
  </testcase> <!-- method1 -->
  <testcase classname="testNGAnnotation_Flags.flag3" name="method1" time="0.001">
    <system-out>
      <![CDATA[method1]]>
    </system-out>
  </testcase> <!-- method1 -->
  <testcase classname="testNGAnnotation_Flags.flag3" name="method1" time="0.000">
    <system-out>
      <![CDATA[method1]]>
    </system-out>
  </testcase> <!-- method1 -->
  <testcase classname="testNGAnnotation_Flags.flag3" name="method1" time="0.001">
    <system-out>
      <![CDATA[method1]]>
    </system-out>
  </testcase> <!-- method1 -->
  <testcase classname="testNGAnnotation_Flags.flag3" name="method1" time="0.002">
    <system-out>
      <![CDATA[method1]]>
    </system-out>
  </testcase> <!-- method1 -->
  <testcase classname="testNGAnnotation_Flags.flag3" name="method1" time="0.000">
    <system-out>
      <![CDATA[method1]]>
    </system-out>
  </testcase> <!-- method1 -->
  <testcase classname="testNGAnnotation_Flags.flag3" name="method1" time="0.000">
    <system-out>
      <![CDATA[method1]]>
    </system-out>
  </testcase> <!-- method1 -->
  <testcase classname="testNGAnnotation_Flags.flag3" name="method1" time="0.001">
    <system-out>
      <![CDATA[method1]]>
    </system-out>
  </testcase> <!-- method1 -->
  <testcase classname="testNGAnnotation_Flags.flag3" name="method1" time="0.000">
    <system-out>
      <![CDATA[method1]]>
    </system-out>
  </testcase> <!-- method1 -->
  <testcase classname="testNGAnnotation_Flags.flag3" name="method1" time="0.000">
    <system-out>
      <![CDATA[method1]]>
    </system-out>
  </testcase> <!-- method1 -->
  <testcase classname="testNGAnnotation_Flags.flag3" name="method1" time="0.001">
    <system-out>
      <![CDATA[method1]]>
    </system-out>
  </testcase> <!-- method1 -->
  <testcase classname="testNGAnnotation_Flags.flag3" name="method1" time="0.000">
    <system-out>
      <![CDATA[method1]]>
    </system-out>
  </testcase> <!-- method1 -->
  <testcase classname="testNGAnnotation_Flags.flag3" name="method1" time="0.001">
    <system-out>
      <![CDATA[method1]]>
    </system-out>
  </testcase> <!-- method1 -->
  <testcase classname="testNGAnnotation_Flags.flag3" name="method1" time="0.000">
    <system-out>
      <![CDATA[method1]]>
    </system-out>
  </testcase> <!-- method1 -->
  <testcase classname="testNGAnnotation_Flags.flag3" name="method1" time="0.000">
    <system-out>
      <![CDATA[method1]]>
    </system-out>
  </testcase> <!-- method1 -->
  <testcase classname="testNGAnnotation_Flags.flag3" name="method1" time="0.000">
    <system-out>
      <![CDATA[method1]]>
    </system-out>
  </testcase> <!-- method1 -->
  <testcase classname="testNGAnnotation_Flags.flag3" name="method1" time="0.002">
    <system-out>
      <![CDATA[method1]]>
    </system-out>
  </testcase> <!-- method1 -->
  <testcase classname="testNGAnnotation_Flags.flag3" name="method1" time="0.002">
    <system-out>
      <![CDATA[method1]]>
    </system-out>
  </testcase> <!-- method1 -->
  <testcase classname="testNGAnnotation_Flags.flag3" name="method1" time="0.002">
    <system-out>
      <![CDATA[method1]]>
    </system-out>
  </testcase> <!-- method1 -->
  <testcase classname="testNGAnnotation_Flags.flag3" name="method1" time="0.001">
    <system-out>
      <![CDATA[method1]]>
    </system-out>
  </testcase> <!-- method1 -->
  <testcase classname="testNGAnnotation_Flags.flag3" name="method1" time="0.002">
    <system-out>
      <![CDATA[method1]]>
    </system-out>
  </testcase> <!-- method1 -->
  <testcase classname="testNGAnnotation_Flags.flag3" name="method1" time="0.000">
    <system-out>
      <![CDATA[method1]]>
    </system-out>
  </testcase> <!-- method1 -->
  <testcase classname="testNGAnnotation_Flags.flag3" name="method1" time="0.000">
    <system-out>
      <![CDATA[method1]]>
    </system-out>
  </testcase> <!-- method1 -->
  <testcase classname="testNGAnnotation_Flags.flag3" name="method1" time="0.000">
    <system-out>
      <![CDATA[method1]]>
    </system-out>
  </testcase> <!-- method1 -->
  <testcase classname="testNGAnnotation_Flags.flag3" name="method1" time="0.000">
    <system-out>
      <![CDATA[method1]]>
    </system-out>
  </testcase> <!-- method1 -->
  <testcase classname="testNGAnnotation_Flags.flag3" name="method1" time="0.001">
    <system-out>
      <![CDATA[method1]]>
    </system-out>
  </testcase> <!-- method1 -->
  <testcase classname="testNGAnnotation_Flags.flag3" name="method1" time="0.000">
    <system-out>
      <![CDATA[method1]]>
    </system-out>
  </testcase> <!-- method1 -->
  <testcase classname="testNGAnnotation_Flags.flag3" name="method1" time="0.000">
    <system-out>
      <![CDATA[method1]]>
    </system-out>
  </testcase> <!-- method1 -->
  <testcase classname="testNGAnnotation_Flags.flag3" name="method1" time="0.001">
    <system-out>
      <![CDATA[method1]]>
    </system-out>
  </testcase> <!-- method1 -->
  <testcase classname="testNGAnnotation_Flags.flag3" name="method1" time="0.000">
    <system-out>
      <![CDATA[method1]]>
    </system-out>
  </testcase> <!-- method1 -->
  <testcase classname="testNGAnnotation_Flags.flag3" name="method1" time="0.000">
    <system-out>
      <![CDATA[method1]]>
    </system-out>
  </testcase> <!-- method1 -->
  <testcase classname="testNGAnnotation_Flags.flag3" name="method1" time="0.001">
    <system-out>
      <![CDATA[method1]]>
    </system-out>
  </testcase> <!-- method1 -->
  <testcase classname="testNGAnnotation_Flags.flag3" name="method1" time="0.000">
    <system-out>
      <![CDATA[method1]]>
    </system-out>
  </testcase> <!-- method1 -->
  <testcase classname="testNGAnnotation_Flags.flag3" name="method1" time="0.000">
    <system-out>
      <![CDATA[method1]]>
    </system-out>
  </testcase> <!-- method1 -->
  <testcase classname="testNGAnnotation_Flags.flag3" name="method1" time="0.000">
    <system-out>
      <![CDATA[method1]]>
    </system-out>
  </testcase> <!-- method1 -->
  <testcase classname="testNGAnnotation_Flags.flag3" name="method1" time="0.001">
    <system-out>
      <![CDATA[method1]]>
    </system-out>
  </testcase> <!-- method1 -->
  <testcase classname="testNGAnnotation_Flags.flag3" name="method1" time="0.000">
    <system-out>
      <![CDATA[method1]]>
    </system-out>
  </testcase> <!-- method1 -->
  <testcase classname="testNGAnnotation_Flags.flag3" name="method1" time="0.001">
    <system-out>
      <![CDATA[method1]]>
    </system-out>
  </testcase> <!-- method1 -->
  <testcase classname="testNGAnnotation_Flags.flag3" name="method1" time="0.000">
    <system-out>
      <![CDATA[method1]]>
    </system-out>
  </testcase> <!-- method1 -->
  <testcase classname="testNGAnnotation_Flags.flag3" name="method1" time="0.001">
    <system-out>
      <![CDATA[method1]]>
    </system-out>
  </testcase> <!-- method1 -->
  <testcase classname="testNGAnnotation_Flags.flag3" name="method1" time="0.000">
    <system-out>
      <![CDATA[method1]]>
    </system-out>
  </testcase> <!-- method1 -->
  <testcase classname="testNGAnnotation_Flags.flag3" name="method1" time="0.000">
    <system-out>
      <![CDATA[method1]]>
    </system-out>
  </testcase> <!-- method1 -->
  <testcase classname="testNGAnnotation_Flags.flag3" name="method1" time="0.000">
    <system-out>
      <![CDATA[method1]]>
    </system-out>
  </testcase> <!-- method1 -->
  <testcase classname="testNGAnnotation_Flags.flag3" name="method1" time="0.001">
    <system-out>
      <![CDATA[method1]]>
    </system-out>
  </testcase> <!-- method1 -->
  <testcase classname="testNGAnnotation_Flags.flag3" name="method1" time="0.001">
    <system-out>
      <![CDATA[method1]]>
    </system-out>
  </testcase> <!-- method1 -->
  <testcase classname="testNGAnnotation_Flags.flag3" name="method1" time="0.000">
    <system-out>
      <![CDATA[method1]]>
    </system-out>
  </testcase> <!-- method1 -->
  <testcase classname="testNGAnnotation_Flags.flag3" name="method1" time="0.001">
    <system-out>
      <![CDATA[method1]]>
    </system-out>
  </testcase> <!-- method1 -->
  <testcase classname="testNGAnnotation_Flags.flag3" name="method1" time="0.001">
    <system-out>
      <![CDATA[method1]]>
    </system-out>
  </testcase> <!-- method1 -->
  <testcase classname="testNGAnnotation_Flags.flag3" name="method1" time="0.002">
    <system-out>
      <![CDATA[method1]]>
    </system-out>
  </testcase> <!-- method1 -->
  <testcase classname="testNGAnnotation_Flags.flag3" name="method1" time="0.000">
    <system-out>
      <![CDATA[method1]]>
    </system-out>
  </testcase> <!-- method1 -->
  <testcase classname="testNGAnnotation_Flags.flag3" name="method1" time="0.001">
    <system-out>
      <![CDATA[method1]]>
    </system-out>
  </testcase> <!-- method1 -->
  <testcase classname="testNGAnnotation_Flags.flag3" name="method1" time="0.000">
    <system-out>
      <![CDATA[method1]]>
    </system-out>
  </testcase> <!-- method1 -->
  <testcase classname="testNGAnnotation_Flags.flag3" name="method1" time="0.000">
    <system-out>
      <![CDATA[method1]]>
    </system-out>
  </testcase> <!-- method1 -->
  <testcase classname="testNGAnnotation_Flags.flag3" name="method1" time="0.001">
    <system-out>
      <![CDATA[method1]]>
    </system-out>
  </testcase> <!-- method1 -->
  <testcase classname="testNGAnnotation_Flags.flag3" name="method1" time="0.001">
    <system-out>
      <![CDATA[method1]]>
    </system-out>
  </testcase> <!-- method1 -->
  <testcase classname="testNGAnnotation_Flags.flag3" name="method1" time="0.001">
    <system-out>
      <![CDATA[method1]]>
    </system-out>
  </testcase> <!-- method1 -->
  <testcase classname="testNGAnnotation_Flags.flag3" name="method1" time="0.000">
    <system-out>
      <![CDATA[method1]]>
    </system-out>
  </testcase> <!-- method1 -->
  <testcase classname="testNGAnnotation_Flags.flag3" name="method1" time="0.000">
    <system-out>
      <![CDATA[method1]]>
    </system-out>
  </testcase> <!-- method1 -->
  <testcase classname="testNGAnnotation_Flags.flag3" name="method1" time="0.001">
    <system-out>
      <![CDATA[method1]]>
    </system-out>
  </testcase> <!-- method1 -->
  <testcase classname="testNGAnnotation_Flags.flag3" name="method1" time="0.001">
    <system-out>
      <![CDATA[method1]]>
    </system-out>
  </testcase> <!-- method1 -->
  <testcase classname="testNGAnnotation_Flags.flag3" name="method1" time="0.000">
    <system-out>
      <![CDATA[method1]]>
    </system-out>
  </testcase> <!-- method1 -->
  <testcase classname="testNGAnnotation_Flags.flag3" name="method1" time="0.000">
    <system-out>
      <![CDATA[method1]]>
    </system-out>
  </testcase> <!-- method1 -->
  <testcase classname="testNGAnnotation_Flags.flag3" name="method1" time="0.001">
    <system-out>
      <![CDATA[method1]]>
    </system-out>
  </testcase> <!-- method1 -->
  <testcase classname="testNGAnnotation_Flags.flag3" name="method1" time="0.000">
    <system-out>
      <![CDATA[method1]]>
    </system-out>
  </testcase> <!-- method1 -->
  <testcase classname="testNGAnnotation_Flags.flag3" name="method1" time="0.000">
    <system-out>
      <![CDATA[method1]]>
    </system-out>
  </testcase> <!-- method1 -->
  <testcase classname="testNGAnnotation_Flags.flag3" name="method1" time="0.000">
    <system-out>
      <![CDATA[method1]]>
    </system-out>
  </testcase> <!-- method1 -->
  <testcase classname="testNGAnnotation_Flags.flag3" name="method1" time="0.001">
    <system-out>
      <![CDATA[method1]]>
    </system-out>
  </testcase> <!-- method1 -->
  <testcase classname="testNGAnnotation_Flags.flag3" name="method1" time="0.001">
    <system-out>
      <![CDATA[method1]]>
    </system-out>
  </testcase> <!-- method1 -->
  <testcase classname="testNGAnnotation_Flags.flag3" name="method1" time="0.000">
    <system-out>
      <![CDATA[method1]]>
    </system-out>
  </testcase> <!-- method1 -->
  <testcase classname="testNGAnnotation_Flags.flag3" name="method1" time="0.000">
    <system-out>
      <![CDATA[method1]]>
    </system-out>
  </testcase> <!-- method1 -->
  <testcase classname="testNGAnnotation_Flags.flag3" name="method1" time="0.001">
    <system-out>
      <![CDATA[method1]]>
    </system-out>
  </testcase> <!-- method1 -->
  <testcase classname="testNGAnnotation_Flags.flag3" name="method1" time="0.000">
    <system-out>
      <![CDATA[method1]]>
    </system-out>
  </testcase> <!-- method1 -->
  <testcase classname="testNGAnnotation_Flags.flag3" name="method1" time="0.000">
    <system-out>
      <![CDATA[method1]]>
    </system-out>
  </testcase> <!-- method1 -->
  <testcase classname="testNGAnnotation_Flags.flag3" name="method1" time="0.000">
    <system-out>
      <![CDATA[method1]]>
    </system-out>
  </testcase> <!-- method1 -->
  <testcase classname="testNGAnnotation_Flags.flag3" name="method1" time="0.001">
    <system-out>
      <![CDATA[method1]]>
    </system-out>
  </testcase> <!-- method1 -->
  <testcase classname="testNGAnnotation_Flags.flag3" name="method1" time="0.000">
    <system-out>
      <![CDATA[method1]]>
    </system-out>
  </testcase> <!-- method1 -->
  <testcase classname="testNGAnnotation_Flags.flag3" name="method1" time="0.001">
    <system-out>
      <![CDATA[method1]]>
    </system-out>
  </testcase> <!-- method1 -->
  <testcase classname="testNGAnnotation_Flags.flag3" name="method1" time="0.001">
    <system-out>
      <![CDATA[method1]]>
    </system-out>
  </testcase> <!-- method1 -->
  <testcase classname="testNGAnnotation_Flags.flag3" name="method1" time="0.001">
    <system-out>
      <![CDATA[method1]]>
    </system-out>
  </testcase> <!-- method1 -->
  <testcase classname="testNGAnnotation_Flags.flag3" name="method1" time="0.002">
    <system-out>
      <![CDATA[method1]]>
    </system-out>
  </testcase> <!-- method1 -->
  <testcase classname="testNGAnnotation_Flags.flag3" name="method1" time="0.000">
    <system-out>
      <![CDATA[method1]]>
    </system-out>
  </testcase> <!-- method1 -->
  <testcase classname="testNGAnnotation_Flags.flag3" name="method1" time="0.001">
    <system-out>
      <![CDATA[method1]]>
    </system-out>
  </testcase> <!-- method1 -->
  <testcase classname="testNGAnnotation_Flags.flag3" name="method1" time="0.001">
    <system-out>
      <![CDATA[method1]]>
    </system-out>
  </testcase> <!-- method1 -->
  <testcase classname="testNGAnnotation_Flags.flag3" name="method1" time="0.001">
    <system-out>
      <![CDATA[method1]]>
    </system-out>
  </testcase> <!-- method1 -->
  <testcase classname="testNGAnnotation_Flags.flag3" name="method1" time="0.001">
    <system-out>
      <![CDATA[method1]]>
    </system-out>
  </testcase> <!-- method1 -->
  <testcase classname="testNGAnnotation_Flags.flag3" name="method1" time="0.000">
    <system-out>
      <![CDATA[method1]]>
    </system-out>
  </testcase> <!-- method1 -->
  <testcase classname="testNGAnnotation_Flags.flag3" name="method1" time="0.000">
    <system-out>
      <![CDATA[method1]]>
    </system-out>
  </testcase> <!-- method1 -->
  <testcase classname="testNGAnnotation_Flags.flag3" name="method1" time="0.000">
    <system-out>
      <![CDATA[method1]]>
    </system-out>
  </testcase> <!-- method1 -->
  <testcase classname="testNGAnnotation_Flags.flag3" name="method1" time="0.001">
    <system-out>
      <![CDATA[method1]]>
    </system-out>
  </testcase> <!-- method1 -->
  <testcase classname="testNGAnnotation_Flags.flag3" name="method1" time="0.000">
    <system-out>
      <![CDATA[method1]]>
    </system-out>
  </testcase> <!-- method1 -->
  <testcase classname="testNGAnnotation_Flags.flag3" name="method1" time="0.000">
    <system-out>
      <![CDATA[method1]]>
    </system-out>
  </testcase> <!-- method1 -->
  <testcase classname="testNGAnnotation_Flags.flag3" name="method1" time="0.000">
    <system-out>
      <![CDATA[method1]]>
    </system-out>
  </testcase> <!-- method1 -->
  <testcase classname="testNGAnnotation_Flags.flag3" name="method1" time="0.000">
    <system-out>
      <![CDATA[method1]]>
    </system-out>
  </testcase> <!-- method1 -->
  <testcase classname="testNGAnnotation_Flags.flag3" name="method1" time="0.001">
    <system-out>
      <![CDATA[method1]]>
    </system-out>
  </testcase> <!-- method1 -->
  <testcase classname="testNGAnnotation_Flags.flag3" name="method1" time="0.001">
    <system-out>
      <![CDATA[method1]]>
    </system-out>
  </testcase> <!-- method1 -->
  <testcase classname="testNGAnnotation_Flags.flag3" name="method1" time="0.001">
    <system-out>
      <![CDATA[method1]]>
    </system-out>
  </testcase> <!-- method1 -->
  <testcase classname="testNGAnnotation_Flags.flag3" name="method1" time="0.000">
    <system-out>
      <![CDATA[method1]]>
    </system-out>
  </testcase> <!-- method1 -->
  <testcase classname="testNGAnnotation_Flags.flag3" name="method1" time="0.000">
    <system-out>
      <![CDATA[method1]]>
    </system-out>
  </testcase> <!-- method1 -->
  <testcase classname="testNGAnnotation_Flags.flag3" name="method1" time="0.002">
    <system-out>
      <![CDATA[method1]]>
    </system-out>
  </testcase> <!-- method1 -->
  <testcase classname="testNGAnnotation_Flags.flag3" name="method1" time="0.001">
    <system-out>
      <![CDATA[method1]]>
    </system-out>
  </testcase> <!-- method1 -->
  <testcase classname="testNGAnnotation_Flags.flag3" name="method1" time="0.001">
    <system-out>
      <![CDATA[method1]]>
    </system-out>
  </testcase> <!-- method1 -->
  <testcase classname="testNGAnnotation_Flags.flag3" name="method1" time="0.000">
    <system-out>
      <![CDATA[method1]]>
    </system-out>
  </testcase> <!-- method1 -->
  <testcase classname="testNGAnnotation_Flags.flag3" name="method1" time="0.001">
    <system-out>
      <![CDATA[method1]]>
    </system-out>
  </testcase> <!-- method1 -->
  <testcase classname="testNGAnnotation_Flags.flag3" name="method1" time="0.000">
    <system-out>
      <![CDATA[method1]]>
    </system-out>
  </testcase> <!-- method1 -->
  <testcase classname="testNGAnnotation_Flags.flag3" name="method1" time="0.001">
    <system-out>
      <![CDATA[method1]]>
    </system-out>
  </testcase> <!-- method1 -->
  <testcase classname="testNGAnnotation_Flags.flag3" name="method1" time="0.001">
    <system-out>
      <![CDATA[method1]]>
    </system-out>
  </testcase> <!-- method1 -->
  <testcase classname="testNGAnnotation_Flags.flag3" name="method1" time="0.001">
    <system-out>
      <![CDATA[method1]]>
    </system-out>
  </testcase> <!-- method1 -->
  <testcase classname="testNGAnnotation_Flags.flag3" name="method1" time="0.000">
    <system-out>
      <![CDATA[method1]]>
    </system-out>
  </testcase> <!-- method1 -->
  <testcase classname="testNGAnnotation_Flags.flag3" name="method1" time="0.000">
    <system-out>
      <![CDATA[method1]]>
    </system-out>
  </testcase> <!-- method1 -->
  <testcase classname="testNGAnnotation_Flags.flag3" name="method1" time="0.000">
    <system-out>
      <![CDATA[method1]]>
    </system-out>
  </testcase> <!-- method1 -->
  <testcase classname="testNGAnnotation_Flags.flag3" name="method1" time="0.001">
    <system-out>
      <![CDATA[method1]]>
    </system-out>
  </testcase> <!-- method1 -->
  <testcase classname="testNGAnnotation_Flags.flag3" name="method1" time="0.001">
    <system-out>
      <![CDATA[method1]]>
    </system-out>
  </testcase> <!-- method1 -->
  <testcase classname="testNGAnnotation_Flags.flag3" name="method1" time="0.000">
    <system-out>
      <![CDATA[method1]]>
    </system-out>
  </testcase> <!-- method1 -->
  <testcase classname="testNGAnnotation_Flags.flag3" name="method1" time="0.001">
    <system-out>
      <![CDATA[method1]]>
    </system-out>
  </testcase> <!-- method1 -->
  <testcase classname="testNGAnnotation_Flags.flag3" name="method1" time="0.000">
    <system-out>
      <![CDATA[method1]]>
    </system-out>
  </testcase> <!-- method1 -->
  <testcase classname="testNGAnnotation_Flags.flag3" name="method1" time="0.000">
    <system-out>
      <![CDATA[method1]]>
    </system-out>
  </testcase> <!-- method1 -->
  <testcase classname="testNGAnnotation_Flags.flag3" name="method1" time="0.001">
    <system-out>
      <![CDATA[method1]]>
    </system-out>
  </testcase> <!-- method1 -->
  <testcase classname="testNGAnnotation_Flags.flag3" name="method1" time="0.000">
    <system-out>
      <![CDATA[method1]]>
    </system-out>
  </testcase> <!-- method1 -->
  <testcase classname="testNGAnnotation_Flags.flag3" name="method1" time="0.001">
    <system-out>
      <![CDATA[method1]]>
    </system-out>
  </testcase> <!-- method1 -->
  <testcase classname="testNGAnnotation_Flags.flag3" name="method1" time="0.001">
    <system-out>
      <![CDATA[method1]]>
    </system-out>
  </testcase> <!-- method1 -->
  <testcase classname="testNGAnnotation_Flags.flag3" name="method1" time="0.000">
    <system-out>
      <![CDATA[method1]]>
    </system-out>
  </testcase> <!-- method1 -->
  <testcase classname="testNGAnnotation_Flags.flag3" name="method1" time="0.001">
    <system-out>
      <![CDATA[method1]]>
    </system-out>
  </testcase> <!-- method1 -->
  <testcase classname="testNGAnnotation_Flags.flag3" name="method1" time="0.000">
    <system-out>
      <![CDATA[method1]]>
    </system-out>
  </testcase> <!-- method1 -->
  <testcase classname="testNGAnnotation_Flags.flag3" name="method1" time="0.001">
    <system-out>
      <![CDATA[method1]]>
    </system-out>
  </testcase> <!-- method1 -->
  <testcase classname="testNGAnnotation_Flags.flag3" name="method1" time="0.000">
    <system-out>
      <![CDATA[method1]]>
    </system-out>
  </testcase> <!-- method1 -->
  <testcase classname="testNGAnnotation_Flags.flag3" name="method1" time="0.001">
    <system-out>
      <![CDATA[method1]]>
    </system-out>
  </testcase> <!-- method1 -->
  <testcase classname="testNGAnnotation_Flags.flag3" name="method1" time="0.001">
    <system-out>
      <![CDATA[method1]]>
    </system-out>
  </testcase> <!-- method1 -->
  <testcase classname="testNGAnnotation_Flags.flag3" name="method1" time="0.001">
    <system-out>
      <![CDATA[method1]]>
    </system-out>
  </testcase> <!-- method1 -->
  <testcase classname="testNGAnnotation_Flags.flag3" name="method1" time="0.000">
    <system-out>
      <![CDATA[method1]]>
    </system-out>
  </testcase> <!-- method1 -->
  <testcase classname="testNGAnnotation_Flags.flag3" name="method1" time="0.001">
    <system-out>
      <![CDATA[method1]]>
    </system-out>
  </testcase> <!-- method1 -->
  <testcase classname="testNGAnnotation_Flags.flag3" name="method1" time="0.000">
    <system-out>
      <![CDATA[method1]]>
    </system-out>
  </testcase> <!-- method1 -->
  <testcase classname="testNGAnnotation_Flags.flag3" name="method1" time="0.000">
    <system-out>
      <![CDATA[method1]]>
    </system-out>
  </testcase> <!-- method1 -->
  <testcase classname="testNGAnnotation_Flags.flag3" name="method1" time="0.001">
    <system-out>
      <![CDATA[method1]]>
    </system-out>
  </testcase> <!-- method1 -->
  <testcase classname="testNGAnnotation_Flags.flag3" name="method1" time="0.000">
    <system-out>
      <![CDATA[method1]]>
    </system-out>
  </testcase> <!-- method1 -->
  <testcase classname="testNGAnnotation_Flags.flag3" name="method1" time="0.002">
    <system-out>
      <![CDATA[method1]]>
    </system-out>
  </testcase> <!-- method1 -->
  <testcase classname="testNGAnnotation_Flags.flag3" name="method1" time="0.001">
    <system-out>
      <![CDATA[method1]]>
    </system-out>
  </testcase> <!-- method1 -->
  <testcase classname="testNGAnnotation_Flags.flag3" name="method1" time="0.000">
    <system-out>
      <![CDATA[method1]]>
    </system-out>
  </testcase> <!-- method1 -->
  <testcase classname="testNGAnnotation_Flags.flag3" name="method1" time="0.000">
    <system-out>
      <![CDATA[method1]]>
    </system-out>
  </testcase> <!-- method1 -->
  <testcase classname="testNGAnnotation_Flags.flag3" name="method1" time="0.000">
    <system-out>
      <![CDATA[method1]]>
    </system-out>
  </testcase> <!-- method1 -->
  <testcase classname="testNGAnnotation_Flags.flag3" name="method1" time="0.001">
    <system-out>
      <![CDATA[method1]]>
    </system-out>
  </testcase> <!-- method1 -->
  <testcase classname="testNGAnnotation_Flags.flag3" name="method1" time="0.001">
    <system-out>
      <![CDATA[method1]]>
    </system-out>
  </testcase> <!-- method1 -->
  <testcase classname="testNGAnnotation_Flags.flag3" name="method1" time="0.001">
    <system-out>
      <![CDATA[method1]]>
    </system-out>
  </testcase> <!-- method1 -->
  <testcase classname="testNGAnnotation_Flags.flag3" name="method1" time="0.000">
    <system-out>
      <![CDATA[method1]]>
    </system-out>
  </testcase> <!-- method1 -->
  <testcase classname="testNGAnnotation_Flags.flag3" name="method1" time="0.000">
    <system-out>
      <![CDATA[method1]]>
    </system-out>
  </testcase> <!-- method1 -->
  <testcase classname="testNGAnnotation_Flags.flag3" name="method1" time="0.000">
    <system-out>
      <![CDATA[method1]]>
    </system-out>
  </testcase> <!-- method1 -->
  <testcase classname="testNGAnnotation_Flags.flag3" name="method1" time="0.000">
    <system-out>
      <![CDATA[method1]]>
    </system-out>
  </testcase> <!-- method1 -->
  <testcase classname="testNGAnnotation_Flags.flag3" name="method1" time="0.001">
    <system-out>
      <![CDATA[method1]]>
    </system-out>
  </testcase> <!-- method1 -->
  <testcase classname="testNGAnnotation_Flags.flag3" name="method1" time="0.001">
    <system-out>
      <![CDATA[method1]]>
    </system-out>
  </testcase> <!-- method1 -->
  <testcase classname="testNGAnnotation_Flags.flag3" name="method1" time="0.000">
    <system-out>
      <![CDATA[method1]]>
    </system-out>
  </testcase> <!-- method1 -->
  <testcase classname="testNGAnnotation_Flags.flag3" name="method1" time="0.000">
    <system-out>
      <![CDATA[method1]]>
    </system-out>
  </testcase> <!-- method1 -->
  <testcase classname="testNGAnnotation_Flags.flag3" name="method1" time="0.000">
    <system-out>
      <![CDATA[method1]]>
    </system-out>
  </testcase> <!-- method1 -->
  <testcase classname="testNGAnnotation_Flags.flag3" name="method1" time="0.001">
    <system-out>
      <![CDATA[method1]]>
    </system-out>
  </testcase> <!-- method1 -->
  <testcase classname="testNGAnnotation_Flags.flag3" name="method1" time="0.001">
    <system-out>
      <![CDATA[method1]]>
    </system-out>
  </testcase> <!-- method1 -->
  <testcase classname="testNGAnnotation_Flags.flag3" name="method1" time="0.000">
    <system-out>
      <![CDATA[method1]]>
    </system-out>
  </testcase> <!-- method1 -->
  <testcase classname="testNGAnnotation_Flags.flag3" name="method1" time="0.001">
    <system-out>
      <![CDATA[method1]]>
    </system-out>
  </testcase> <!-- method1 -->
  <testcase classname="testNGAnnotation_Flags.flag3" name="method1" time="0.001">
    <system-out>
      <![CDATA[method1]]>
    </system-out>
  </testcase> <!-- method1 -->
  <testcase classname="testNGAnnotation_Flags.flag3" name="method1" time="0.001">
    <system-out>
      <![CDATA[method1]]>
    </system-out>
  </testcase> <!-- method1 -->
  <testcase classname="testNGAnnotation_Flags.flag3" name="method1" time="0.001">
    <system-out>
      <![CDATA[method1]]>
    </system-out>
  </testcase> <!-- method1 -->
  <testcase classname="testNGAnnotation_Flags.flag3" name="method1" time="0.000">
    <system-out>
      <![CDATA[method1]]>
    </system-out>
  </testcase> <!-- method1 -->
  <testcase classname="testNGAnnotation_Flags.flag3" name="method1" time="0.000">
    <system-out>
      <![CDATA[method1]]>
    </system-out>
  </testcase> <!-- method1 -->
  <testcase classname="testNGAnnotation_Flags.flag3" name="method1" time="0.000">
    <system-out>
      <![CDATA[method1]]>
    </system-out>
  </testcase> <!-- method1 -->
  <testcase classname="testNGAnnotation_Flags.flag3" name="method1" time="0.000">
    <system-out>
      <![CDATA[method1]]>
    </system-out>
  </testcase> <!-- method1 -->
  <testcase classname="testNGAnnotation_Flags.flag3" name="method1" time="0.001">
    <system-out>
      <![CDATA[method1]]>
    </system-out>
  </testcase> <!-- method1 -->
  <testcase classname="testNGAnnotation_Flags.flag3" name="method1" time="0.000">
    <system-out>
      <![CDATA[method1]]>
    </system-out>
  </testcase> <!-- method1 -->
  <testcase classname="testNGAnnotation_Flags.flag3" name="method1" time="0.001">
    <system-out>
      <![CDATA[method1]]>
    </system-out>
  </testcase> <!-- method1 -->
  <testcase classname="testNGAnnotation_Flags.flag3" name="method1" time="0.000">
    <system-out>
      <![CDATA[method1]]>
    </system-out>
  </testcase> <!-- method1 -->
  <testcase classname="testNGAnnotation_Flags.flag3" name="method1" time="0.000">
    <system-out>
      <![CDATA[method1]]>
    </system-out>
  </testcase> <!-- method1 -->
  <testcase classname="testNGAnnotation_Flags.flag3" name="method1" time="0.001">
    <system-out>
      <![CDATA[method1]]>
    </system-out>
  </testcase> <!-- method1 -->
  <testcase classname="testNGAnnotation_Flags.flag3" name="method1" time="0.000">
    <system-out>
      <![CDATA[method1]]>
    </system-out>
  </testcase> <!-- method1 -->
  <testcase classname="testNGAnnotation_Flags.flag3" name="method1" time="0.000">
    <system-out>
      <![CDATA[method1]]>
    </system-out>
  </testcase> <!-- method1 -->
  <testcase classname="testNGAnnotation_Flags.flag3" name="method1" time="0.000">
    <system-out>
      <![CDATA[method1]]>
    </system-out>
  </testcase> <!-- method1 -->
  <testcase classname="testNGAnnotation_Flags.flag3" name="method1" time="0.000">
    <system-out>
      <![CDATA[method1]]>
    </system-out>
  </testcase> <!-- method1 -->
  <testcase classname="testNGAnnotation_Flags.flag3" name="method1" time="0.002">
    <system-out>
      <![CDATA[method1]]>
    </system-out>
  </testcase> <!-- method1 -->
  <testcase classname="testNGAnnotation_Flags.flag3" name="method1" time="0.001">
    <system-out>
      <![CDATA[method1]]>
    </system-out>
  </testcase> <!-- method1 -->
  <testcase classname="testNGAnnotation_Flags.flag3" name="method1" time="0.000">
    <system-out>
      <![CDATA[method1]]>
    </system-out>
  </testcase> <!-- method1 -->
  <testcase classname="testNGAnnotation_Flags.flag3" name="method1" time="0.000">
    <system-out>
      <![CDATA[method1]]>
    </system-out>
  </testcase> <!-- method1 -->
  <testcase classname="testNGAnnotation_Flags.flag3" name="method1" time="0.001">
    <system-out>
      <![CDATA[method1]]>
    </system-out>
  </testcase> <!-- method1 -->
  <testcase classname="testNGAnnotation_Flags.flag3" name="method1" time="0.000">
    <system-out>
      <![CDATA[method1]]>
    </system-out>
  </testcase> <!-- method1 -->
  <testcase classname="testNGAnnotation_Flags.flag3" name="method1" time="0.000">
    <system-out>
      <![CDATA[method1]]>
    </system-out>
  </testcase> <!-- method1 -->
  <testcase classname="testNGAnnotation_Flags.flag3" name="method1" time="0.000">
    <system-out>
      <![CDATA[method1]]>
    </system-out>
  </testcase> <!-- method1 -->
  <testcase classname="testNGAnnotation_Flags.flag3" name="method1" time="0.001">
    <system-out>
      <![CDATA[method1]]>
    </system-out>
  </testcase> <!-- method1 -->
  <testcase classname="testNGAnnotation_Flags.flag3" name="method1" time="0.000">
    <system-out>
      <![CDATA[method1]]>
    </system-out>
  </testcase> <!-- method1 -->
  <testcase classname="testNGAnnotation_Flags.flag3" name="method1" time="0.002">
    <system-out>
      <![CDATA[method1]]>
    </system-out>
  </testcase> <!-- method1 -->
[...]
      <![CDATA[method1]]>
    </system-out>
  </testcase> <!-- method1 -->
  <testcase classname="testNGAnnotation_Flags.flag3" name="method1" time="0.000">
    <system-out>
      <![CDATA[method1]]>
    </system-out>
  </testcase> <!-- method1 -->
  <testcase classname="testNGAnnotation_Flags.flag3" name="method1" time="0.000">
    <system-out>
      <![CDATA[method1]]>
    </system-out>
  </testcase> <!-- method1 -->
  <testcase classname="testNGAnnotation_Flags.flag3" name="method1" time="0.000">
    <system-out>
      <![CDATA[method1]]>
    </system-out>
  </testcase> <!-- method1 -->
  <testcase classname="testNGAnnotation_Flags.flag3" name="method1" time="0.000">
    <system-out>
      <![CDATA[method1]]>
    </system-out>
  </testcase> <!-- method1 -->
  <testcase classname="testNGAnnotation_Flags.flag3" name="method1" time="0.000">
    <system-out>
      <![CDATA[method1]]>
    </system-out>
  </testcase> <!-- method1 -->
  <testcase classname="testNGAnnotation_Flags.flag3" name="method1" time="0.001">
    <system-out>
      <![CDATA[method1]]>
    </system-out>
  </testcase> <!-- method1 -->
  <testcase classname="testNGAnnotation_Flags.flag3" name="method1" time="0.000">
    <system-out>
      <![CDATA[method1]]>
    </system-out>
  </testcase> <!-- method1 -->
  <testcase classname="testNGAnnotation_Flags.flag3" name="method1" time="0.001">
    <system-out>
      <![CDATA[method1]]>
    </system-out>
  </testcase> <!-- method1 -->
  <testcase classname="testNGAnnotation_Flags.flag3" name="method1" time="0.001">
    <system-out>
      <![CDATA[method1]]>
    </system-out>
  </testcase> <!-- method1 -->
  <testcase classname="testNGAnnotation_Flags.flag3" name="method1" time="0.001">
    <system-out>
      <![CDATA[method1]]>
    </system-out>
  </testcase> <!-- method1 -->
  <testcase classname="testNGAnnotation_Flags.flag3" name="method1" time="0.001">
    <system-out>
      <![CDATA[method1]]>
    </system-out>
  </testcase> <!-- method1 -->
  <testcase classname="testNGAnnotation_Flags.flag3" name="method1" time="0.001">
    <system-out>
      <![CDATA[method1]]>
    </system-out>
  </testcase> <!-- method1 -->
  <testcase classname="testNGAnnotation_Flags.flag3" name="method1" time="0.000">
    <system-out>
      <![CDATA[method1]]>
    </system-out>
  </testcase> <!-- method1 -->
  <testcase classname="testNGAnnotation_Flags.flag3" name="method1" time="0.001">
    <system-out>
      <![CDATA[method1]]>
    </system-out>
  </testcase> <!-- method1 -->
  <testcase classname="testNGAnnotation_Flags.flag3" name="method1" time="0.000">
    <system-out>
      <![CDATA[method1]]>
    </system-out>
  </testcase> <!-- method1 -->
  <testcase classname="testNGAnnotation_Flags.flag3" name="method1" time="0.001">
    <system-out>
      <![CDATA[method1]]>
    </system-out>
  </testcase> <!-- method1 -->
  <testcase classname="testNGAnnotation_Flags.flag3" name="method1" time="0.000">
    <system-out>
      <![CDATA[method1]]>
    </system-out>
  </testcase> <!-- method1 -->
  <testcase classname="testNGAnnotation_Flags.flag3" name="method1" time="0.001">
    <system-out>
      <![CDATA[method1]]>
    </system-out>
  </testcase> <!-- method1 -->
  <testcase classname="testNGAnnotation_Flags.flag3" name="method1" time="0.001">
    <system-out>
      <![CDATA[method1]]>
    </system-out>
  </testcase> <!-- method1 -->
  <testcase classname="testNGAnnotation_Flags.flag3" name="method1" time="0.001">
    <system-out>
      <![CDATA[method1]]>
    </system-out>
  </testcase> <!-- method1 -->
  <testcase classname="testNGAnnotation_Flags.flag3" name="method1" time="0.001">
    <system-out>
      <![CDATA[method1]]>
    </system-out>
  </testcase> <!-- method1 -->
  <testcase classname="testNGAnnotation_Flags.flag3" name="method1" time="0.001">
    <system-out>
      <![CDATA[method1]]>
    </system-out>
  </testcase> <!-- method1 -->
  <testcase classname="testNGAnnotation_Flags.flag3" name="method1" time="0.001">
    <system-out>
      <![CDATA[method1]]>
    </system-out>
  </testcase> <!-- method1 -->
  <testcase classname="testNGAnnotation_Flags.flag3" name="method1" time="0.000">
    <system-out>
      <![CDATA[method1]]>
    </system-out>
  </testcase> <!-- method1 -->
  <testcase classname="testNGAnnotation_Flags.flag3" name="method1" time="0.001">
    <system-out>
      <![CDATA[method1]]>
    </system-out>
  </testcase> <!-- method1 -->
  <testcase classname="testNGAnnotation_Flags.flag3" name="method1" time="0.000">
    <system-out>
      <![CDATA[method1]]>
    </system-out>
  </testcase> <!-- method1 -->
  <testcase classname="testNGAnnotation_Flags.flag3" name="method1" time="0.001">
    <system-out>
      <![CDATA[method1]]>
    </system-out>
  </testcase> <!-- method1 -->
  <testcase classname="testNGAnnotation_Flags.flag3" name="method1" time="0.001">
    <system-out>
      <![CDATA[method1]]>
    </system-out>
  </testcase> <!-- method1 -->
  <testcase classname="testNGAnnotation_Flags.flag3" name="method1" time="0.001">
    <system-out>
      <![CDATA[method1]]>
    </system-out>
  </testcase> <!-- method1 -->
  <testcase classname="testNGAnnotation_Flags.flag3" name="method1" time="0.000">
    <system-out>
      <![CDATA[method1]]>
    </system-out>
  </testcase> <!-- method1 -->
  <testcase classname="testNGAnnotation_Flags.flag3" name="method1" time="0.001">
    <system-out>
      <![CDATA[method1]]>
    </system-out>
  </testcase> <!-- method1 -->
  <testcase classname="testNGAnnotation_Flags.flag3" name="method1" time="0.001">
    <system-out>
      <![CDATA[method1]]>
    </system-out>
  </testcase> <!-- method1 -->
  <testcase classname="testNGAnnotation_Flags.flag3" name="method1" time="0.000">
    <system-out>
      <![CDATA[method1]]>
    </system-out>
  </testcase> <!-- method1 -->
  <testcase classname="testNGAnnotation_Flags.flag3" name="method1" time="0.001">
    <system-out>
      <![CDATA[method1]]>
    </system-out>
  </testcase> <!-- method1 -->
  <testcase classname="testNGAnnotation_Flags.flag3" name="method1" time="0.000">
    <system-out>
      <![CDATA[method1]]>
    </system-out>
  </testcase> <!-- method1 -->
  <testcase classname="testNGAnnotation_Flags.flag3" name="method1" time="0.002">
    <system-out>
      <![CDATA[method1]]>
    </system-out>
  </testcase> <!-- method1 -->
  <testcase classname="testNGAnnotation_Flags.flag3" name="method1" time="0.001">
    <system-out>
      <![CDATA[method1]]>
    </system-out>
  </testcase> <!-- method1 -->
  <testcase classname="testNGAnnotation_Flags.flag3" name="method1" time="0.001">
    <system-out>
      <![CDATA[method1]]>
    </system-out>
  </testcase> <!-- method1 -->
  <testcase classname="testNGAnnotation_Flags.flag3" name="method1" time="0.001">
    <system-out>
      <![CDATA[method1]]>
    </system-out>
  </testcase> <!-- method1 -->
  <testcase classname="testNGAnnotation_Flags.flag3" name="method1" time="0.000">
    <system-out>
      <![CDATA[method1]]>
    </system-out>
  </testcase> <!-- method1 -->
  <testcase classname="testNGAnnotation_Flags.flag3" name="method1" time="0.017">
    <system-out>
      <![CDATA[method1]]>
    </system-out>
  </testcase> <!-- method1 -->
  <testcase classname="testNGAnnotation_Flags.flag3" name="method1" time="0.001">
    <system-out>
      <![CDATA[method1]]>
    </system-out>
  </testcase> <!-- method1 -->
  <testcase classname="testNGAnnotation_Flags.flag3" name="method1" time="0.001">
    <system-out>
      <![CDATA[method1]]>
    </system-out>
  </testcase> <!-- method1 -->
  <testcase classname="testNGAnnotation_Flags.flag3" name="method1" time="0.000">
    <system-out>
      <![CDATA[method1]]>
    </system-out>
  </testcase> <!-- method1 -->
  <testcase classname="testNGAnnotation_Flags.flag3" name="method1" time="0.001">
    <system-out>
      <![CDATA[method1]]>
    </system-out>
  </testcase> <!-- method1 -->
  <testcase classname="testNGAnnotation_Flags.flag3" name="method1" time="0.000">
    <system-out>
      <![CDATA[method1]]>
    </system-out>
  </testcase> <!-- method1 -->
  <testcase classname="testNGAnnotation_Flags.flag3" name="method1" time="0.001">
    <system-out>
      <![CDATA[method1]]>
    </system-out>
  </testcase> <!-- method1 -->
  <testcase classname="testNGAnnotation_Flags.flag3" name="method1" time="0.000">
    <system-out>
      <![CDATA[method1]]>
    </system-out>
  </testcase> <!-- method1 -->
  <testcase classname="testNGAnnotation_Flags.flag3" name="method1" time="0.000">
    <system-out>
      <![CDATA[method1]]>
    </system-out>
  </testcase> <!-- method1 -->
  <testcase classname="testNGAnnotation_Flags.flag3" name="method1" time="0.000">
    <system-out>
      <![CDATA[method1]]>
    </system-out>
  </testcase> <!-- method1 -->
  <testcase classname="testNGAnnotation_Flags.flag3" name="method1" time="0.000">
    <system-out>
      <![CDATA[method1]]>
    </system-out>
  </testcase> <!-- method1 -->
  <testcase classname="testNGAnnotation_Flags.flag3" name="method1" time="0.001">
    <system-out>
      <![CDATA[method1]]>
    </system-out>
  </testcase> <!-- method1 -->
  <testcase classname="testNGAnnotation_Flags.flag3" name="method1" time="0.000">
    <system-out>
      <![CDATA[method1]]>
    </system-out>
  </testcase> <!-- method1 -->
  <testcase classname="testNGAnnotation_Flags.flag3" name="method1" time="0.000">
    <system-out>
      <![CDATA[method1]]>
    </system-out>
  </testcase> <!-- method1 -->
  <testcase classname="testNGAnnotation_Flags.flag3" name="method1" time="0.001">
    <system-out>
      <![CDATA[method1]]>
    </system-out>
  </testcase> <!-- method1 -->
  <testcase classname="testNGAnnotation_Flags.flag3" name="method1" time="0.001">
    <system-out>
      <![CDATA[method1]]>
    </system-out>
  </testcase> <!-- method1 -->
  <testcase classname="testNGAnnotation_Flags.flag3" name="method1" time="0.000">
    <system-out>
      <![CDATA[method1]]>
    </system-out>
  </testcase> <!-- method1 -->
  <testcase classname="testNGAnnotation_Flags.flag3" name="method1" time="0.000">
    <system-out>
      <![CDATA[method1]]>
    </system-out>
  </testcase> <!-- method1 -->
  <testcase classname="testNGAnnotation_Flags.flag3" name="method1" time="0.000">
    <system-out>
      <![CDATA[method1]]>
    </system-out>
  </testcase> <!-- method1 -->
  <testcase classname="testNGAnnotation_Flags.flag3" name="method1" time="0.000">
    <system-out>
      <![CDATA[method1]]>
    </system-out>
  </testcase> <!-- method1 -->
  <testcase classname="testNGAnnotation_Flags.flag3" name="method1" time="0.001">
    <system-out>
      <![CDATA[method1]]>
    </system-out>
  </testcase> <!-- method1 -->
  <testcase classname="testNGAnnotation_Flags.flag3" name="method1" time="0.000">
    <system-out>
      <![CDATA[method1]]>
    </system-out>
  </testcase> <!-- method1 -->
  <testcase classname="testNGAnnotation_Flags.flag3" name="method1" time="0.001">
    <system-out>
      <![CDATA[method1]]>
    </system-out>
  </testcase> <!-- method1 -->
  <testcase classname="testNGAnnotation_Flags.flag3" name="method1" time="0.001">
    <system-out>
      <![CDATA[method1]]>
    </system-out>
  </testcase> <!-- method1 -->
  <testcase classname="testNGAnnotation_Flags.flag3" name="method1" time="0.002">
    <system-out>
      <![CDATA[method1]]>
    </system-out>
  </testcase> <!-- method1 -->
  <testcase classname="testNGAnnotation_Flags.flag3" name="method1" time="0.001">
    <system-out>
      <![CDATA[method1]]>
    </system-out>
  </testcase> <!-- method1 -->
  <system-out>
    <![CDATA[method1
method1
method1
method1
method1
method1
method1
method1
method1
method1
method1
method1
method1
method1
method1
method1
method1
method1
method1
method1
method1
method1
method1
method1
method1
method1
method1
method1
method1
method1
method1
method1
method1
method1
method1
method1
method1
method1
method1
method1
method1
method1
method1
method1
method1
method1
method1
method1
method1
method1
method1
method1
method1
method1
method1
method1
method1
method1
method1
method1
method1
method1
method1
method1
method1
method1
method1
method1
method1
method1
method1
method1
method1
method1
method1
method1
method1
method1
method1
method1
method1
method1
method1
method1
method1
method1
method1
method1
method1
method1
method1
method1
method1
method1
method1
method1
method1
method1
method1
method1
method1
method1
method1
method1
method1
method1
method1
method1
method1
method1
method1
method1
method1
method1
method1
method1
method1
method1
method1
method1
method1
method1
method1
method1
method1
method1
method1
method1
method1
method1
method1
method1
method1
method1
method1
method1
method1
method1
method1
method1
method1
method1
method1
method1
method1
method1
method1
method1
method1
method1
method1
method1
method1
method1
method1
method1
method1
method1
method1
method1
method1
method1
method1
method1
method1
method1
method1
method1
method1
method1
method1
method1
method1
method1
method1
method1
method1
method1
method1
method1
method1
method1
method1
method1
method1
method1
method1
method1
method1
method1
method1
method1
method1
method1
method1
method1
method1
method1
method1
method1
method1
method1
method1
method1
method1
method1
method1
method1
method1
method1
method1
method1
method1
method1
method1
method1
method1
method1
method1
method1
method1
method1
method1
method1
method1
method1
method1
method1
method1
method1
method1
method1
method1
method1
method1
method1
method1
method1
method1
method1
method1
method1
method1
method1
method1
method1
method1
method1
method1
method1
method1
method1
method1
method1
method1
method1
method1
method1
method1
method1
method1
method1
method1
method1
method1
method1
method1
method1
method1
method1
method1
method1
method1
method1
method1
method1
method1
method1
method1
method1
method1
method1
method1
method1
method1
method1
method1
method1
method1
method1
method1
method1
method1
method1
method1
method1
method1
method1
method1
method1
method1
method1
method1
method1
method1
method1
method1
method1
method1
method1
method1
method1
method1
method1
method1
method1
method1
method1
method1
method1
method1
method1
method1
method1
method1
method1
method1
method1
method1
method1
method1
method1
method1
method1
method1
method1
method1
method1
method1
method1
method1
method1
method1
method1
method1
method1
method1
method1
method1
method1
method1
method1
method1
method1
method1
method1
method1
method1
method1
method1
method1
method1
method1
method1
method1
method1
method1
method1
method1
method1
method1
method1
method1
method1
method1
method1
method1
method1
method1
method1
method1
method1
method1
method1
method1
method1
method1
method1
method1
method1
method1
method1
method1
method1
method1
method1
method1
method1
method1
method1
method1
method1
method1
method1
method1
method1
method1
method1
method1
method1
method1
method1
method1
method1
method1
method1
method1
method1
method1
method1
method1
method1
method1
method1
method1
method1
method1
method1
method1
method1
method1
method1
method1
method1
method1
method1
method1
method1
method1
method1
method1
method1
method1
method1
method1
method1
method1
method1
method1
method1
method1
method1
method1
method1
method1
method1
method1
method1
method1
method1
method1
method1
method1
method1
method1
method1
method1
method1
method1
method1
method1
method1
method1
method1
method1
method1
method1
method1
method1
method1
method1
method1
method1
method1
method1
method1
method1
method1
method1
method1
method1
method1
method1
method1
method1
method1
method1
method1
method1
method1
method1
method1
method1
method1
method1
method1
method1
method1
method1
method1
method1
method1
method1
method1
method1
method1
method1
method1
method1
method1
method1
method1
method1
method1
method1
method1
method1
method1
method1
method1
method1
method1
method1
method1
method1
method1
method1
method1
method1
method1
method1
method1
method1
method1
method1
method1
method1
method1
method1
method1
method1
method1
method1
method1
method1
method1
method1
method1
method1
method1
method1
method1
method1
method1
method1
method1
method1
method1
method1
method1
method1
method1
method1
method1
method1
method1
method1
method1
method1
method1
method1
method1
method1
method1
method1
method1
method1
method1
method1
method1
method1
method1
method1
method1
method1
method1
method1
method1
method1
method1
method1
method1
method1
method1
method1
method1
method1
method1
method1
method1
method1
method1
method1
method1
method1
method1
method1
method1
method1
method1
method1
method1
method1
method1
method1
method1
method1
method1
method1
method1
method1
method1
method1
method1
method1
method1
method1
method1
method1
method1
method1
method1
method1
method1
method1
method1
method1
method1
method1
method1
method1
method1
method1
method1
method1
method1
method1
method1
method1
method1
method1
method1
method1
method1
method1
method1
method1
method1
method1
method1
method1
method1
method1
method1
method1
method1
method1
method1
method1
method1
method1
method1
method1
method1
method1
method1
method1
method1
method1
method1
method1
method1
method1
method1
method1
method1
method1
method1
method1
method1
method1
method1
method1
method1
method1
method1
method1
method1
method1
method1
method1
method1
method1
method1
method1
method1
method1
method1
method1
method1
method1
method1
method1
method1
method1
method1
method1
method1
method1
method1
method1
method1
method1
method1
method1
method1
method1
method1
method1
method1
method1
method1
method1
method1
method1
method1
method1
method1
method1
method1
method1
method1
method1
method1
method1
method1
method1
method1
method1
method1
method1
method1
method1
method1
method1
method1
method1
method1
method1
method1
method1
method1
method1
method1
method1
method1
method1
method1
method1
method1
method1
method1
method1
method1
method1
method1
method1
method1
method1
method1
method1
method1
method1
method1
method1
method1
method1
method1
method1
method1
method1
method1
method1
method1
method1
method1
method1
method1
method1
method1
method1
method1
method1
method1
method1
method1
method1
method1
method1
method1
method1
method1
method1
method1
method1
method1
method1
method1
method1
method1
method1
method1
method1
method1
method1
method1
method1
method1
method1
method1
method1
method1
method1
method1
method1
method1
method1
method1
method1
method1
method1
method1
method1
method1
method1
method1
method1
method1
method1
method1
method1
method1
method1
method1
method1
method1
method1
method1
method1
method1
method1
method1
method1
method1
method1
method1
method1
method1
method1
method1
method1
method1
method1
method1
method1
method1
method1
method1
method1
method1
method1
method1
method1
method1
method1
method1
method1
method1
method1
method1
method1
method1
method1
method1
method1
method1
method1
method1
method1
method1
method1
method1
method1
method1
method1
method1
method1
method1
method1
method1
method1
method1
method1
method1
method1
method1
method1
method1
method1
method1
method1
method1
method1
method1
method1
method1
method1
method1
method1
method1
method1
method1
method1
method1
method1
method1
method1
method1
method1
method1
method1
method1
method1
method1
method1
method1
method1
method1
method1
method1
method1
method1
method1
method1
method1
method1
method1
method1
method1
method1
method1
method1
method1
method1
method1
method1
method1
method1
method1
method1
method1
method1
method1
method1
method1
method1
method1
method1
method1
method1
method1
method1
method1
method1
method1
method1
method1
method1
method1
method1]]>
  </system-out>
</testsuite> <!-- testNGAnnotation_Flags.flag3 -->
